Using pre-set license
Built from '2022.3/staging' branch; Version is '2022.3.17f1 (4fc78088f837) revision 5228416'; Using compiler version '192829333'; Build Type 'Release'
OS: 'Windows 11  (10.0.22631) 64bit Core' Language: 'en' Physical Memory: 7530 MB
BatchMode: 1, IsHumanControllingUs: 0, StartBugReporterOnCrash: 0, Is64bit: 1, IsPro: 1

COMMAND LINE ARGUMENTS:
C:\Program Files\Unity\Hub\Editor\2022.3.17f1\Editor\Unity.exe
-adb2
-batchMode
-noUpm
-name
AssetImportWorker1
-projectPath
C:/Users/tvuu2/OneDrive/Documents/GitHub/3d-game
-logFile
Logs/AssetImportWorker1.log
-srvPort
51889
Successfully changed project path to: C:/Users/tvuu2/OneDrive/Documents/GitHub/3d-game
C:/Users/tvuu2/OneDrive/Documents/GitHub/3d-game
[UnityMemory] Configuration Parameters - Can be set up in boot.config
    "memorysetup-bucket-allocator-granularity=16"
    "memorysetup-bucket-allocator-bucket-count=8"
    "memorysetup-bucket-allocator-block-size=33554432"
    "memorysetup-bucket-allocator-block-count=8"
    "memorysetup-main-allocator-block-size=16777216"
    "memorysetup-thread-allocator-block-size=16777216"
    "memorysetup-gfx-main-allocator-block-size=16777216"
    "memorysetup-gfx-thread-allocator-block-size=16777216"
    "memorysetup-cache-allocator-block-size=4194304"
    "memorysetup-typetree-allocator-block-size=2097152"
    "memorysetup-profiler-bucket-allocator-granularity=16"
    "memorysetup-profiler-bucket-allocator-bucket-count=8"
    "memorysetup-profiler-bucket-allocator-block-size=33554432"
    "memorysetup-profiler-bucket-allocator-block-count=8"
    "memorysetup-profiler-allocator-block-size=16777216"
    "memorysetup-profiler-editor-allocator-block-size=1048576"
    "memorysetup-temp-allocator-size-main=16777216"
    "memorysetup-job-temp-allocator-block-size=2097152"
    "memorysetup-job-temp-allocator-block-size-background=1048576"
    "memorysetup-job-temp-allocator-reduction-small-platforms=262144"
    "memorysetup-allocator-temp-initial-block-size-main=262144"
    "memorysetup-allocator-temp-initial-block-size-worker=262144"
    "memorysetup-temp-allocator-size-background-worker=32768"
    "memorysetup-temp-allocator-size-job-worker=262144"
    "memorysetup-temp-allocator-size-preload-manager=33554432"
    "memorysetup-temp-allocator-size-nav-mesh-worker=65536"
    "memorysetup-temp-allocator-size-audio-worker=65536"
    "memorysetup-temp-allocator-size-cloud-worker=32768"
    "memorysetup-temp-allocator-size-gi-baking-worker=262144"
    "memorysetup-temp-allocator-size-gfx=262144"
Player connection [31304] Host "[IP] 10.209.70.181 [Port] 0 [Flags] 2 [Guid] 2042363934 [EditorId] 2042363934 [Version] 1048832 [Id] WindowsEditor(7,cheeminie) [Debug] 1 [PackageName] WindowsEditor [ProjectName] Editor" joined multi-casting on [225.0.0.222:54997]...

Player connection [31304] Host "[IP] 10.209.70.181 [Port] 0 [Flags] 2 [Guid] 2042363934 [EditorId] 2042363934 [Version] 1048832 [Id] WindowsEditor(7,cheeminie) [Debug] 1 [PackageName] WindowsEditor [ProjectName] Editor" joined alternative multi-casting on [225.0.0.222:34997]...

[Physics::Module] Initialized MultithreadedJobDispatcher with 11 workers.
Refreshing native plugins compatible for Editor in 89.77 ms, found 3 plugins.
Preloading 0 native plugins for Editor in 0.00 ms.
Initialize engine version: 2022.3.17f1 (4fc78088f837)
[Subsystems] Discovering subsystems at path C:/Program Files/Unity/Hub/Editor/2022.3.17f1/Editor/Data/Resources/UnitySubsystems
[Subsystems] Discovering subsystems at path C:/Users/tvuu2/OneDrive/Documents/GitHub/3d-game/Assets
GfxDevice: creating device client; threaded=0; jobified=0
Direct3D:
    Version:  Direct3D 11.0 [level 11.1]
    Renderer: AMD Radeon(TM) Graphics (ID=0x164c)
    Vendor:   ATI
    VRAM:     3765 MB
    Driver:   27.20.14016.13
Initialize mono
Mono path[0] = 'C:/Program Files/Unity/Hub/Editor/2022.3.17f1/Editor/Data/Managed'
Mono path[1] = 'C:/Program Files/Unity/Hub/Editor/2022.3.17f1/Editor/Data/MonoBleedingEdge/lib/mono/unityjit-win32'
Mono config path = 'C:/Program Files/Unity/Hub/Editor/2022.3.17f1/Editor/Data/MonoBleedingEdge/etc'
Using monoOptions --debugger-agent=transport=dt_socket,embedding=1,server=y,suspend=n,address=127.0.0.1:56952
Begin MonoManager ReloadAssembly
Registering precompiled unity dll's ...
Register platform support module: C:/Program Files/Unity/Hub/Editor/2022.3.17f1/Editor/Data/PlaybackEngines/WindowsStandaloneSupport/UnityEditor.WindowsStandalone.Extensions.dll
Registered in 0.008433 seconds.
- Loaded All Assemblies, in  1.008 seconds
Native extension for WindowsStandalone target not found
Mono: successfully reloaded assembly
- Finished resetting the current domain, in  0.448 seconds
Domain Reload Profiling: 1455ms
	BeginReloadAssembly (627ms)
		ExecutionOrderSort (0ms)
		DisableScriptedObjects (0ms)
		BackupInstance (0ms)
		ReleaseScriptingObjects (0ms)
		CreateAndSetChildDomain (3ms)
	RebuildCommonClasses (51ms)
	RebuildNativeTypeToScriptingClass (17ms)
	initialDomainReloadingComplete (101ms)
	LoadAllAssembliesAndSetupDomain (210ms)
		LoadAssemblies (618ms)
		RebuildTransferFunctionScriptingTraits (0ms)
		AnalyzeDomain (207ms)
			TypeCache.Refresh (205ms)
				TypeCache.ScanAssembly (177ms)
			ScanForSourceGeneratedMonoScriptInfo (1ms)
			ResolveRequiredComponents (1ms)
	FinalizeReload (449ms)
		ReleaseScriptCaches (0ms)
		RebuildScriptCaches (0ms)
		SetupLoadedEditorAssemblies (364ms)
			LogAssemblyErrors (0ms)
			InitializePlatformSupportModulesInManaged (13ms)
			SetLoadedEditorAssemblies (9ms)
			RefreshPlugins (0ms)
			BeforeProcessingInitializeOnLoad (2ms)
			ProcessInitializeOnLoadAttributes (241ms)
			ProcessInitializeOnLoadMethodAttributes (98ms)
			AfterProcessingInitializeOnLoad (0ms)
			EditorAssembliesLoaded (0ms)
		ExecutionOrderSort2 (0ms)
		AwakeInstancesAfterBackupRestoration (0ms)
========================================================================
Worker process is ready to serve import requests
Begin MonoManager ReloadAssembly
- Loaded All Assemblies, in  1.751 seconds
Refreshing native plugins compatible for Editor in 24.24 ms, found 3 plugins.
Native extension for WindowsStandalone target not found
Package Manager log level set to [2]
[Package Manager] Server::EnsureServerProcessIsRunning -- launch failed, reason: Unity was launched with the -noUpm command-line argument
[Package Manager] UpmClient::Send -- Unable to send message (not connected to UPM process).
[Package Manager] Cannot connect to Unity Package Manager local server
[Package Manager] Server::EnsureServerProcessIsRunning -- launch failed, reason: Unity was launched with the -noUpm command-line argument
[Package Manager] UpmClient::Send -- Unable to send message (not connected to UPM process).
[Package Manager] Cannot connect to Unity Package Manager local server
Mono: successfully reloaded assembly
- Finished resetting the current domain, in  1.630 seconds
Domain Reload Profiling: 3367ms
	BeginReloadAssembly (249ms)
		ExecutionOrderSort (0ms)
		DisableScriptedObjects (6ms)
		BackupInstance (0ms)
		ReleaseScriptingObjects (0ms)
		CreateAndSetChildDomain (40ms)
	RebuildCommonClasses (47ms)
	RebuildNativeTypeToScriptingClass (14ms)
	initialDomainReloadingComplete (104ms)
	LoadAllAssembliesAndSetupDomain (1322ms)
		LoadAssemblies (1045ms)
		RebuildTransferFunctionScriptingTraits (0ms)
		AnalyzeDomain (426ms)
			TypeCache.Refresh (354ms)
				TypeCache.ScanAssembly (315ms)
			ScanForSourceGeneratedMonoScriptInfo (48ms)
			ResolveRequiredComponents (21ms)
	FinalizeReload (1631ms)
		ReleaseScriptCaches (0ms)
		RebuildScriptCaches (0ms)
		SetupLoadedEditorAssemblies (1336ms)
			LogAssemblyErrors (0ms)
			InitializePlatformSupportModulesInManaged (11ms)
			SetLoadedEditorAssemblies (6ms)
			RefreshPlugins (0ms)
			BeforeProcessingInitializeOnLoad (128ms)
			ProcessInitializeOnLoadAttributes (1047ms)
			ProcessInitializeOnLoadMethodAttributes (133ms)
			AfterProcessingInitializeOnLoad (10ms)
			EditorAssembliesLoaded (0ms)
		ExecutionOrderSort2 (0ms)
		AwakeInstancesAfterBackupRestoration (9ms)
Launched and connected shader compiler UnityShaderCompiler.exe after 0.21 seconds
Refreshing native plugins compatible for Editor in 8.58 ms, found 3 plugins.
Preloading 0 native plugins for Editor in 0.00 ms.
Unloading 6105 Unused Serialized files (Serialized files now loaded: 0)
Unloading 81 unused Assets / (418.2 KB). Loaded Objects now: 6572.
Memory consumption went from 297.3 MB to 296.9 MB.
Total: 11.710400 ms (FindLiveObjects: 2.839600 ms CreateObjectMapping: 0.902300 ms MarkObjects: 6.347700 ms  DeleteObjects: 1.617600 ms)

AssetImportParameters requested are different than current active one (requested -> active):
  custom:container-demuxer-ogg: 62fdf1f143b41e24485cea50d1cbac27 -> 
  custom:video-decoder-ogg-theora: a1e56fd34408186e4bbccfd4996cb3dc -> 
  custom:framework-win-MediaFoundation: 216162199b28c13a410421893ffa2e32 -> 
  custom:CustomObjectIndexerAttribute: 62b5816608c3102f162a1797e29626cf -> 
  custom:container-demuxer-webm: 4f35f7cbe854078d1ac9338744f61a02 -> 
  custom:container-muxer-webm: aa71ff27fc2769a1b78a27578f13a17b -> 
  custom:video-decoder-webm-vp8: 9c59270c3fd7afecdb556c50c9e8de78 -> 
  custom:SearchIndexIgnoredProperties: e643bd26f0fe6173181afceb89e7c659 -> 
  custom:AudioImporter_EditorPlatform: d09bf68614088b80899f8185d706f6e7 -> 
  custom:video-encoder-webm-vp8: eb34c28f22e8b96e1ab97ce403110664 -> 
  custom:audio-decoder-ogg-vorbis: bf7c407c2cedff20999df2af8eb42d56 -> 
  custom:audio-encoder-webm-vorbis: bf7c407c2cedff20999df2af8eb42d56 -> 
========================================================================
Received Import Request.
  Time since last request: 184035.428277 seconds.
  path: Assets/3D Models/Brick Project Studio/Apartment Kit/Common/Models/wine thin glass.fbx
  artifactKey: Guid(09cb81f6ddeeb3046979371d041373b5) Importer(815301076,1909f56bfc062723c751e8b465ee728b)
Start importing Assets/3D Models/Brick Project Studio/Apartment Kit/Common/Models/wine thin glass.fbx using Guid(09cb81f6ddeeb3046979371d041373b5) Importer(815301076,1909f56bfc062723c751e8b465ee728b)  -> (artifact id: '8f9f07832db19324b7ef17c023897350') in 0.627063 seconds
Number of updated asset objects reloaded before import = 0
Number of asset objects unloaded after import = 9
========================================================================
Received Import Request.
  Time since last request: 50.968379 seconds.
  path: Assets/Low Poly Guns/Models/Guns/sniper1/sniper1.fbx
  artifactKey: Guid(60d91f925d8c1e442bb6596dfb94ffff) Importer(815301076,1909f56bfc062723c751e8b465ee728b)
Start importing Assets/Low Poly Guns/Models/Guns/sniper1/sniper1.fbx using Guid(60d91f925d8c1e442bb6596dfb94ffff) Importer(815301076,1909f56bfc062723c751e8b465ee728b)  -> (artifact id: '605b4acd5ee7ef9b056be3e306bcd204') in 0.058668 seconds
Number of updated asset objects reloaded before import = 0
Number of asset objects unloaded after import = 9
========================================================================
Received Import Request.
  Time since last request: 40.172610 seconds.
  path: Assets/Low Poly Guns/Models/Guns/shotgun2/shotgun2.fbx
  artifactKey: Guid(8b36fb41929fc22429f0083d817b8040) Importer(815301076,1909f56bfc062723c751e8b465ee728b)
Start importing Assets/Low Poly Guns/Models/Guns/shotgun2/shotgun2.fbx using Guid(8b36fb41929fc22429f0083d817b8040) Importer(815301076,1909f56bfc062723c751e8b465ee728b)  -> (artifact id: '4bf63156457601d9312892d7210a5d0c') in 0.065810 seconds
Number of updated asset objects reloaded before import = 0
Number of asset objects unloaded after import = 9
========================================================================
Received Import Request.
  Time since last request: 14.628305 seconds.
  path: Assets/Simple Modular Dungeon/Components/Mesh Containers/LargePodium.fbx
  artifactKey: Guid(f8edd3e722d3b3048ae74420cc53d3df) Importer(815301076,1909f56bfc062723c751e8b465ee728b)
Start importing Assets/Simple Modular Dungeon/Components/Mesh Containers/LargePodium.fbx using Guid(f8edd3e722d3b3048ae74420cc53d3df) Importer(815301076,1909f56bfc062723c751e8b465ee728b)  -> (artifact id: 'a73c171e05a1609bb0d2c82028d1c5e6') in 0.234427 seconds
Number of updated asset objects reloaded before import = 0
Number of asset objects unloaded after import = 42
========================================================================
Received Import Request.
  Time since last request: 0.017851 seconds.
  path: Assets/3D Models/Brick Project Studio/_BPS Basic Assets/Common/Models/Build Kits/Build Kit Exterior.fbx
  artifactKey: Guid(1e4c9d0deb3bcc144ae6e91318e143a7) Importer(815301076,1909f56bfc062723c751e8b465ee728b)
Start importing Assets/3D Models/Brick Project Studio/_BPS Basic Assets/Common/Models/Build Kits/Build Kit Exterior.fbx using Guid(1e4c9d0deb3bcc144ae6e91318e143a7) Importer(815301076,1909f56bfc062723c751e8b465ee728b)  -> (artifact id: '725d41a7c9d6c7cab7902120708df320') in 0.218808 seconds
Number of updated asset objects reloaded before import = 0
Number of asset objects unloaded after import = 51
========================================================================
Received Import Request.
  Time since last request: 0.000067 seconds.
  path: Assets/RPG_FPS_game_assets_industrial/Buildings/Industrial/Hangars/Hangar_v2/Source/Hangar_v2_3.FBX
  artifactKey: Guid(a0c65fac4e030764dbdd445dc81af4b4) Importer(815301076,1909f56bfc062723c751e8b465ee728b)
Start importing Assets/RPG_FPS_game_assets_industrial/Buildings/Industrial/Hangars/Hangar_v2/Source/Hangar_v2_3.FBX using Guid(a0c65fac4e030764dbdd445dc81af4b4) Importer(815301076,1909f56bfc062723c751e8b465ee728b)  -> (artifact id: 'b9c70a04b16a40240c6baf4899380072') in 0.038400 seconds
Number of updated asset objects reloaded before import = 0
Number of asset objects unloaded after import = 8
========================================================================
Received Import Request.
  Time since last request: 2.476400 seconds.
  path: Assets/RPG_FPS_game_assets_industrial/Buildings/Industrial/Hangars/Hangar_v2/Source/Hangar_v2_5.FBX
  artifactKey: Guid(b5104adc4fe5dfa47ab50f592c743a9e) Importer(815301076,1909f56bfc062723c751e8b465ee728b)
Start importing Assets/RPG_FPS_game_assets_industrial/Buildings/Industrial/Hangars/Hangar_v2/Source/Hangar_v2_5.FBX using Guid(b5104adc4fe5dfa47ab50f592c743a9e) Importer(815301076,1909f56bfc062723c751e8b465ee728b)  -> (artifact id: '9e2a44c57245452639ad5a8cb173cdfa') in 0.034262 seconds
Number of updated asset objects reloaded before import = 0
Number of asset objects unloaded after import = 8
========================================================================
Received Import Request.
  Time since last request: 5.081185 seconds.
  path: Assets/3D Models/Free Furniture Set/Source/Mesh/CoffeeTableWoodBrown.fbx
  artifactKey: Guid(925bd6a45ea9b534dab155e9cf88fe4d) Importer(815301076,1909f56bfc062723c751e8b465ee728b)
Start importing Assets/3D Models/Free Furniture Set/Source/Mesh/CoffeeTableWoodBrown.fbx using Guid(925bd6a45ea9b534dab155e9cf88fe4d) Importer(815301076,1909f56bfc062723c751e8b465ee728b)  -> (artifact id: '8f2ca252853c68f482dfe50ed5f062fc') in 0.151602 seconds
Number of updated asset objects reloaded before import = 0
Number of asset objects unloaded after import = 13
========================================================================
Received Import Request.
  Time since last request: 0.774887 seconds.
  path: Assets/RPG_FPS_game_assets_industrial/Fences/Concrete_fences/Concrete_fence_v1/Source/Concrete_fence_v1.FBX
  artifactKey: Guid(3a8f58244ff42dd4687b2e136c464c50) Importer(815301076,1909f56bfc062723c751e8b465ee728b)
Start importing Assets/RPG_FPS_game_assets_industrial/Fences/Concrete_fences/Concrete_fence_v1/Source/Concrete_fence_v1.FBX using Guid(3a8f58244ff42dd4687b2e136c464c50) Importer(815301076,1909f56bfc062723c751e8b465ee728b)  -> (artifact id: '917c4a14c26578264a60189a1b249c7a') in 0.251460 seconds
Number of updated asset objects reloaded before import = 0
Number of asset objects unloaded after import = 60
========================================================================
Received Import Request.
  Time since last request: 0.814396 seconds.
  path: Assets/3D Models/Brick Project Studio/Apartment Kit/Common/Models/Canvas_nat_01-04.fbx
  artifactKey: Guid(f62947abd10e69a4b9bd64bf53b01107) Importer(815301076,1909f56bfc062723c751e8b465ee728b)
Start importing Assets/3D Models/Brick Project Studio/Apartment Kit/Common/Models/Canvas_nat_01-04.fbx using Guid(f62947abd10e69a4b9bd64bf53b01107) Importer(815301076,1909f56bfc062723c751e8b465ee728b)  -> (artifact id: '31e8fa399532108820a8e836b8c443a2') in 0.093550 seconds
Number of updated asset objects reloaded before import = 0
Number of asset objects unloaded after import = 15
========================================================================
Received Import Request.
  Time since last request: 0.810342 seconds.
  path: Assets/RPG_FPS_game_assets_industrial/Barrels/Barrel_v3/Source/Barrel_v3.FBX
  artifactKey: Guid(8bf7537d27999d4448c4145cad1f47e7) Importer(815301076,1909f56bfc062723c751e8b465ee728b)
Start importing Assets/RPG_FPS_game_assets_industrial/Barrels/Barrel_v3/Source/Barrel_v3.FBX using Guid(8bf7537d27999d4448c4145cad1f47e7) Importer(815301076,1909f56bfc062723c751e8b465ee728b)  -> (artifact id: '90e6c18f6a3dd7ad59a8a2e333dabe0e') in 0.077450 seconds
Number of updated asset objects reloaded before import = 0
Number of asset objects unloaded after import = 15
========================================================================
Received Import Request.
  Time since last request: 126.978277 seconds.
  path: Packages/com.unity.render-pipelines.universal/Runtime/Materials/FullscreenInvertColors.mat
  artifactKey: Guid(78a08787ca30045abb69f6f7dd878e09) Importer(815301076,1909f56bfc062723c751e8b465ee728b)
Start importing Packages/com.unity.render-pipelines.universal/Runtime/Materials/FullscreenInvertColors.mat using Guid(78a08787ca30045abb69f6f7dd878e09) Importer(815301076,1909f56bfc062723c751e8b465ee728b)  -> (artifact id: '6beafd91ffdc0ad9b9b463cdac02704d') in 1.177061 seconds
Number of updated asset objects reloaded before import = 0
Number of asset objects unloaded after import = 3
========================================================================
Received Import Request.
  Time since last request: 0.000048 seconds.
  path: Packages/com.unity.render-pipelines.universal/Runtime/Materials/Sprite-Unlit-Default.mat
  artifactKey: Guid(9dfc825aed78fcd4ba02077103263b40) Importer(815301076,1909f56bfc062723c751e8b465ee728b)
Start importing Packages/com.unity.render-pipelines.universal/Runtime/Materials/Sprite-Unlit-Default.mat using Guid(9dfc825aed78fcd4ba02077103263b40) Importer(815301076,1909f56bfc062723c751e8b465ee728b)  -> (artifact id: '7476bd1b94f84ce784e59f4c71116378') in 0.050295 seconds
Number of updated asset objects reloaded before import = 0
Number of asset objects unloaded after import = 2
========================================================================
Received Import Request.
  Time since last request: 0.000072 seconds.
  path: Packages/com.unity.render-pipelines.universal/Runtime/Materials/SimpleLit.mat
  artifactKey: Guid(6a1143ee683302f4aa628c052723efc1) Importer(815301076,1909f56bfc062723c751e8b465ee728b)
Start importing Packages/com.unity.render-pipelines.universal/Runtime/Materials/SimpleLit.mat using Guid(6a1143ee683302f4aa628c052723efc1) Importer(815301076,1909f56bfc062723c751e8b465ee728b)  -> (artifact id: '7b3cc20f36632ab1bce310f8e17c15cd') in 1.943524 seconds
Number of updated asset objects reloaded before import = 0
Number of asset objects unloaded after import = 2
========================================================================
Received Import Request.
  Time since last request: 0.000328 seconds.
  path: Packages/com.unity.render-pipelines.universal/Runtime/Materials/SpriteMask-Default.mat
  artifactKey: Guid(15d0c3709176029428a0da2f8cecf0b5) Importer(815301076,1909f56bfc062723c751e8b465ee728b)
Start importing Packages/com.unity.render-pipelines.universal/Runtime/Materials/SpriteMask-Default.mat using Guid(15d0c3709176029428a0da2f8cecf0b5) Importer(815301076,1909f56bfc062723c751e8b465ee728b)  -> (artifact id: '70e12bd3f2825ac51ef2a9134261ca08') in 0.017673 seconds
Number of updated asset objects reloaded before import = 0
Number of asset objects unloaded after import = 2
========================================================================
Received Import Request.
  Time since last request: 0.000066 seconds.
  path: Packages/com.unity.render-pipelines.universal/Runtime/Materials/SpatialMappingWireframe.mat
  artifactKey: Guid(9875a245ac49007498213638a307faa1) Importer(815301076,1909f56bfc062723c751e8b465ee728b)
Start importing Packages/com.unity.render-pipelines.universal/Runtime/Materials/SpatialMappingWireframe.mat using Guid(9875a245ac49007498213638a307faa1) Importer(815301076,1909f56bfc062723c751e8b465ee728b)  -> (artifact id: '4298cdb582f6ca714540730f19b8cf53') in 0.023773 seconds
Number of updated asset objects reloaded before import = 0
Number of asset objects unloaded after import = 2
========================================================================
Received Import Request.
  Time since last request: 0.000033 seconds.
  path: Packages/com.unity.render-pipelines.universal/Runtime/Materials/Sprite-Lit-Default.mat
  artifactKey: Guid(a97c105638bdf8b4a8650670310a4cd3) Importer(815301076,1909f56bfc062723c751e8b465ee728b)
Start importing Packages/com.unity.render-pipelines.universal/Runtime/Materials/Sprite-Lit-Default.mat using Guid(a97c105638bdf8b4a8650670310a4cd3) Importer(815301076,1909f56bfc062723c751e8b465ee728b)  -> (artifact id: 'af845cdbbc859eebd8ccaa9447e926d2') in 0.018035 seconds
Number of updated asset objects reloaded before import = 0
Number of asset objects unloaded after import = 2
========================================================================
Received Import Request.
  Time since last request: 0.000055 seconds.
  path: Packages/com.unity.render-pipelines.universal/Runtime/Materials/Lit.mat
  artifactKey: Guid(31321ba15b8f8eb4c954353edc038b1d) Importer(815301076,1909f56bfc062723c751e8b465ee728b)
Start importing Packages/com.unity.render-pipelines.universal/Runtime/Materials/Lit.mat using Guid(31321ba15b8f8eb4c954353edc038b1d) Importer(815301076,1909f56bfc062723c751e8b465ee728b)  -> (artifact id: '93dafe376b108142dcfc2e3c14e7897d') in 0.023770 seconds
Number of updated asset objects reloaded before import = 0
Number of asset objects unloaded after import = 1
========================================================================
Received Import Request.
  Time since last request: 0.593522 seconds.
  path: Assets/3D Models/Brick Project Studio/Apartment Kit/Common/Materials/Surface/Mesh_Black.mat
  artifactKey: Guid(c8a87a4e32c07864dabf944c9797ff12) Importer(815301076,1909f56bfc062723c751e8b465ee728b)
Start importing Assets/3D Models/Brick Project Studio/Apartment Kit/Common/Materials/Surface/Mesh_Black.mat using Guid(c8a87a4e32c07864dabf944c9797ff12) Importer(815301076,1909f56bfc062723c751e8b465ee728b)  -> (artifact id: '6231092bf8a1538cccafc04dcdac0b39') in 0.053032 seconds
Number of updated asset objects reloaded before import = 0
Number of asset objects unloaded after import = 4
========================================================================
Received Import Request.
  Time since last request: 2.107167 seconds.
  path: Assets/Simple Modular Dungeon/Components/Materials/Doorway 006/Metal.mat
  artifactKey: Guid(515d4f7d4f87ecd43b500f06f534e2b1) Importer(815301076,1909f56bfc062723c751e8b465ee728b)
Start importing Assets/Simple Modular Dungeon/Components/Materials/Doorway 006/Metal.mat using Guid(515d4f7d4f87ecd43b500f06f534e2b1) Importer(815301076,1909f56bfc062723c751e8b465ee728b)  -> (artifact id: 'a4f21c721faf30103e04e4d191651374') in 0.103842 seconds
Number of updated asset objects reloaded before import = 0
Number of asset objects unloaded after import = 7
========================================================================
Received Import Request.
  Time since last request: 0.074503 seconds.
  path: Assets/Simple Modular Dungeon/Components/Materials/Doorway 004/Metal.mat
  artifactKey: Guid(df84adaf827d9ae478990b721e28b417) Importer(815301076,1909f56bfc062723c751e8b465ee728b)
Start importing Assets/Simple Modular Dungeon/Components/Materials/Doorway 004/Metal.mat using Guid(df84adaf827d9ae478990b721e28b417) Importer(815301076,1909f56bfc062723c751e8b465ee728b)  -> (artifact id: 'c57e95e75c74add671b3d8c1e73023ca') in 0.044271 seconds
Number of updated asset objects reloaded before import = 0
Number of asset objects unloaded after import = 7
========================================================================
Received Import Request.
  Time since last request: 1.245597 seconds.
  path: Assets/Simple Modular Dungeon/Components/Materials/Lava Grate 001/Metal.mat
  artifactKey: Guid(2cdef6bc751f5d946b655cab6c7fab54) Importer(815301076,1909f56bfc062723c751e8b465ee728b)
Start importing Assets/Simple Modular Dungeon/Components/Materials/Lava Grate 001/Metal.mat using Guid(2cdef6bc751f5d946b655cab6c7fab54) Importer(815301076,1909f56bfc062723c751e8b465ee728b)  -> (artifact id: '31a28c0bd6592aec8400555236cffc68') in 0.036132 seconds
Number of updated asset objects reloaded before import = 0
Number of asset objects unloaded after import = 7
========================================================================
Received Import Request.
  Time since last request: 2.958433 seconds.
  path: Assets/Simple Modular Dungeon/Components/Materials/Doorway Gated 001/Metal.mat
  artifactKey: Guid(cc0535ebf79e3ce4788447a62c3acdc3) Importer(815301076,1909f56bfc062723c751e8b465ee728b)
Start importing Assets/Simple Modular Dungeon/Components/Materials/Doorway Gated 001/Metal.mat using Guid(cc0535ebf79e3ce4788447a62c3acdc3) Importer(815301076,1909f56bfc062723c751e8b465ee728b)  -> (artifact id: 'e04add89aef659b7adc5715f5ce2cabb') in 0.037043 seconds
Number of updated asset objects reloaded before import = 0
Number of asset objects unloaded after import = 7
========================================================================
Received Import Request.
  Time since last request: 0.404733 seconds.
  path: Assets/Simple Modular Dungeon/Components/Materials/Door 001/Metal.mat
  artifactKey: Guid(34127029ff145fe41b75b60a0c72d0c0) Importer(815301076,1909f56bfc062723c751e8b465ee728b)
Start importing Assets/Simple Modular Dungeon/Components/Materials/Door 001/Metal.mat using Guid(34127029ff145fe41b75b60a0c72d0c0) Importer(815301076,1909f56bfc062723c751e8b465ee728b)  -> (artifact id: 'c8b775ebd9ab18899c8fd3dc7bc9612c') in 0.080369 seconds
Number of updated asset objects reloaded before import = 0
Number of asset objects unloaded after import = 6
========================================================================
Received Import Request.
  Time since last request: 8.565260 seconds.
  path: Assets/3D Models/Free Furniture Set/Source/Mesh/Materials/MI_BlackPot.mat
  artifactKey: Guid(89afe23f6968a4a41a55335bb7cc28aa) Importer(815301076,1909f56bfc062723c751e8b465ee728b)
Start importing Assets/3D Models/Free Furniture Set/Source/Mesh/Materials/MI_BlackPot.mat using Guid(89afe23f6968a4a41a55335bb7cc28aa) Importer(815301076,1909f56bfc062723c751e8b465ee728b)  -> (artifact id: 'ea28b7158b94af16283eef10c091d8b2') in 0.031951 seconds
Number of updated asset objects reloaded before import = 0
Number of asset objects unloaded after import = 2
========================================================================
Received Import Request.
  Time since last request: 0.367357 seconds.
  path: Assets/3D Models/Free Furniture Set/Source/Mesh/Materials/MI_Dracaena.mat
  artifactKey: Guid(89067fc11f4f1314a97f0d4728819952) Importer(815301076,1909f56bfc062723c751e8b465ee728b)
Start importing Assets/3D Models/Free Furniture Set/Source/Mesh/Materials/MI_Dracaena.mat using Guid(89067fc11f4f1314a97f0d4728819952) Importer(815301076,1909f56bfc062723c751e8b465ee728b)  -> (artifact id: 'd0e1e7e87a79198364e96d2f9548fe76') in 0.026213 seconds
Number of updated asset objects reloaded before import = 0
Number of asset objects unloaded after import = 2
========================================================================
Received Import Request.
  Time since last request: 2.094097 seconds.
  path: Assets/3D Models/Free Furniture Set/Source/Mesh/Materials/MI_PlantTrunk2.mat
  artifactKey: Guid(a6d1de69d952237478f8c99de48ad6ac) Importer(815301076,1909f56bfc062723c751e8b465ee728b)
Start importing Assets/3D Models/Free Furniture Set/Source/Mesh/Materials/MI_PlantTrunk2.mat using Guid(a6d1de69d952237478f8c99de48ad6ac) Importer(815301076,1909f56bfc062723c751e8b465ee728b)  -> (artifact id: '5aacfa4d10e8b083a53b942c5ee4181a') in 0.022307 seconds
Number of updated asset objects reloaded before import = 0
Number of asset objects unloaded after import = 2
========================================================================
Received Import Request.
  Time since last request: 0.066847 seconds.
  path: Assets/3D Models/Free Furniture Set/Source/Mesh/Materials/MI_StandingLamp.mat
  artifactKey: Guid(43ac5e9f5dfbffd45afdc037dba8dab1) Importer(815301076,1909f56bfc062723c751e8b465ee728b)
Start importing Assets/3D Models/Free Furniture Set/Source/Mesh/Materials/MI_StandingLamp.mat using Guid(43ac5e9f5dfbffd45afdc037dba8dab1) Importer(815301076,1909f56bfc062723c751e8b465ee728b)  -> (artifact id: '126763fa3eda757139979d530167fc2a') in 0.025371 seconds
Number of updated asset objects reloaded before import = 0
Number of asset objects unloaded after import = 2
========================================================================
Received Import Request.
  Time since last request: 0.840000 seconds.
  path: Assets/RPG_FPS_game_assets_industrial/Particles/Smoke/Smoke_v1/Source/New Material.mat
  artifactKey: Guid(469d8033d18450a4ba5415df152e330b) Importer(815301076,1909f56bfc062723c751e8b465ee728b)
Start importing Assets/RPG_FPS_game_assets_industrial/Particles/Smoke/Smoke_v1/Source/New Material.mat using Guid(469d8033d18450a4ba5415df152e330b) Importer(815301076,1909f56bfc062723c751e8b465ee728b)  -> (artifact id: '3dedcbb33dfbd74f779805b586c438fe') in 0.056695 seconds
Number of updated asset objects reloaded before import = 0
Number of asset objects unloaded after import = 3
========================================================================
Received Import Request.
  Time since last request: 18.038256 seconds.
  path: Assets/RPG_FPS_game_assets_industrial/Oil_tanks/Oil_tank_v1/Source/Oil_tank_v1.mat
  artifactKey: Guid(8573c79e2e3e6c14c8dc545c942c8a60) Importer(815301076,1909f56bfc062723c751e8b465ee728b)
Start importing Assets/RPG_FPS_game_assets_industrial/Oil_tanks/Oil_tank_v1/Source/Oil_tank_v1.mat using Guid(8573c79e2e3e6c14c8dc545c942c8a60) Importer(815301076,1909f56bfc062723c751e8b465ee728b)  -> (artifact id: '5b8ecdd624d44ad0aadafe5f660f3971') in 0.040201 seconds
Number of updated asset objects reloaded before import = 0
Number of asset objects unloaded after import = 3
========================================================================
Received Import Request.
  Time since last request: 0.000035 seconds.
  path: Assets/Simple Modular Dungeon/Components/Materials/Book 003/Page 003.mat
  artifactKey: Guid(960b3682df7dc0c479d94748ead57e7a) Importer(815301076,1909f56bfc062723c751e8b465ee728b)
Start importing Assets/Simple Modular Dungeon/Components/Materials/Book 003/Page 003.mat using Guid(960b3682df7dc0c479d94748ead57e7a) Importer(815301076,1909f56bfc062723c751e8b465ee728b)  -> (artifact id: '4f3b2ed2903fc853f6448c181d18f780') in 0.041463 seconds
Number of updated asset objects reloaded before import = 0
Number of asset objects unloaded after import = 7
========================================================================
Received Import Request.
  Time since last request: 0.836255 seconds.
  path: Assets/Simple Modular Dungeon/Components/Materials/Book 005/Pages 005.mat
  artifactKey: Guid(1c3c21480f8b9f14ea3c8b86b044e304) Importer(815301076,1909f56bfc062723c751e8b465ee728b)
Start importing Assets/Simple Modular Dungeon/Components/Materials/Book 005/Pages 005.mat using Guid(1c3c21480f8b9f14ea3c8b86b044e304) Importer(815301076,1909f56bfc062723c751e8b465ee728b)  -> (artifact id: '136d3d6b3599025d9b87c3c00d1af7ce') in 0.090352 seconds
Number of updated asset objects reloaded before import = 0
Number of asset objects unloaded after import = 7
========================================================================
Received Import Request.
  Time since last request: 0.000063 seconds.
  path: Assets/Simple Modular Dungeon/Components/Materials/Book 007/Pages 007.mat
  artifactKey: Guid(3dcb8d332983a9141b537309a833d8af) Importer(815301076,1909f56bfc062723c751e8b465ee728b)
Start importing Assets/Simple Modular Dungeon/Components/Materials/Book 007/Pages 007.mat using Guid(3dcb8d332983a9141b537309a833d8af) Importer(815301076,1909f56bfc062723c751e8b465ee728b)  -> (artifact id: '0cff1a326fac9eaef67c59f34c758780') in 0.082913 seconds
Number of updated asset objects reloaded before import = 0
Number of asset objects unloaded after import = 7
========================================================================
Received Import Request.
  Time since last request: 0.000067 seconds.
  path: Assets/Simple Modular Dungeon/Components/Materials/Book 009/Pages 009.mat
  artifactKey: Guid(78963663c5572064bb075d561908100b) Importer(815301076,1909f56bfc062723c751e8b465ee728b)
Start importing Assets/Simple Modular Dungeon/Components/Materials/Book 009/Pages 009.mat using Guid(78963663c5572064bb075d561908100b) Importer(815301076,1909f56bfc062723c751e8b465ee728b)  -> (artifact id: '2cb1beef1ad41b312f764c9382ae1dda') in 0.083752 seconds
Number of updated asset objects reloaded before import = 0
Number of asset objects unloaded after import = 7
========================================================================
Received Import Request.
  Time since last request: 22.861583 seconds.
  path: Assets/3D Models/Brick Project Studio/Apartment Kit/Common/Materials/Misc/Painting.mat
  artifactKey: Guid(450760a940231c348ab7f9bfdc460276) Importer(815301076,1909f56bfc062723c751e8b465ee728b)
Start importing Assets/3D Models/Brick Project Studio/Apartment Kit/Common/Materials/Misc/Painting.mat using Guid(450760a940231c348ab7f9bfdc460276) Importer(815301076,1909f56bfc062723c751e8b465ee728b)  -> (artifact id: '9dc3ea8a6d5aaa5e13f37c570270f3fa') in 0.034429 seconds
Number of updated asset objects reloaded before import = 0
Number of asset objects unloaded after import = 3
========================================================================
Received Import Request.
  Time since last request: 0.000036 seconds.
  path: Assets/3D Models/Brick Project Studio/Apartment Kit/Common/Materials/Surface/Plastic_02.mat
  artifactKey: Guid(a2c29511873a89c4b8ec41360c9dd9cf) Importer(815301076,1909f56bfc062723c751e8b465ee728b)
Start importing Assets/3D Models/Brick Project Studio/Apartment Kit/Common/Materials/Surface/Plastic_02.mat using Guid(a2c29511873a89c4b8ec41360c9dd9cf) Importer(815301076,1909f56bfc062723c751e8b465ee728b)  -> (artifact id: 'eaa4feb8373de7ef20e2911eefc5a39b') in 0.065608 seconds
Number of updated asset objects reloaded before import = 0
Number of asset objects unloaded after import = 5
========================================================================
Received Import Request.
  Time since last request: 0.000325 seconds.
  path: Assets/3D Models/Brick Project Studio/Apartment Kit/Common/Materials/Surface/RedLight_01.mat
  artifactKey: Guid(4bb7c435fb1657c42a9ec5ad46b7100a) Importer(815301076,1909f56bfc062723c751e8b465ee728b)
Start importing Assets/3D Models/Brick Project Studio/Apartment Kit/Common/Materials/Surface/RedLight_01.mat using Guid(4bb7c435fb1657c42a9ec5ad46b7100a) Importer(815301076,1909f56bfc062723c751e8b465ee728b)  -> (artifact id: '5da1255c238929a5d589dbdd5d379e29') in 0.040296 seconds
Number of updated asset objects reloaded before import = 0
Number of asset objects unloaded after import = 2
========================================================================
Received Import Request.
  Time since last request: 0.000089 seconds.
  path: Assets/RPG_FPS_game_assets_industrial/Fences/Road_blocks/Road_block_v1/Source/Road_block_v1.mat
  artifactKey: Guid(2d466dac55e3cd54ba41e1af2e5e0b6c) Importer(815301076,1909f56bfc062723c751e8b465ee728b)
Start importing Assets/RPG_FPS_game_assets_industrial/Fences/Road_blocks/Road_block_v1/Source/Road_block_v1.mat using Guid(2d466dac55e3cd54ba41e1af2e5e0b6c) Importer(815301076,1909f56bfc062723c751e8b465ee728b)  -> (artifact id: 'b49311c796a532ceff8a72a8bd63a45c') in 0.035349 seconds
Number of updated asset objects reloaded before import = 0
Number of asset objects unloaded after import = 3
========================================================================
Received Import Request.
  Time since last request: 0.000048 seconds.
  path: Assets/3D Models/JP Environmental Asset Pack/Materials/Ground Materials/Rock Floor 1.mat
  artifactKey: Guid(dba1b385d51554b4f9372291b6d45c00) Importer(815301076,1909f56bfc062723c751e8b465ee728b)
Start importing Assets/3D Models/JP Environmental Asset Pack/Materials/Ground Materials/Rock Floor 1.mat using Guid(dba1b385d51554b4f9372291b6d45c00) Importer(815301076,1909f56bfc062723c751e8b465ee728b)  -> (artifact id: '163eedc7805887a03ad42fb98d6b68b5') in 0.105273 seconds
Number of updated asset objects reloaded before import = 0
Number of asset objects unloaded after import = 7
========================================================================
Received Import Request.
  Time since last request: 0.000037 seconds.
  path: Assets/3D Models/Brick Project Studio/_BPS Basic Assets/Common/Materials/Restroom/RR_SoapLabel.mat
  artifactKey: Guid(66fe060a1655b474b9ce1641bbf19f9d) Importer(815301076,1909f56bfc062723c751e8b465ee728b)
Start importing Assets/3D Models/Brick Project Studio/_BPS Basic Assets/Common/Materials/Restroom/RR_SoapLabel.mat using Guid(66fe060a1655b474b9ce1641bbf19f9d) Importer(815301076,1909f56bfc062723c751e8b465ee728b)  -> (artifact id: 'd7f40cb56443a4c5f9ae7a242edc889f') in 1.977944 seconds
Number of updated asset objects reloaded before import = 0
Number of asset objects unloaded after import = 3
========================================================================
Received Import Request.
  Time since last request: 0.000088 seconds.
  path: Assets/3D Models/Brick Project Studio/Apartment Kit/Common/Materials/Surface/Red Wine.mat
  artifactKey: Guid(4395ee91f3c8a8245ac3acea11839b80) Importer(815301076,1909f56bfc062723c751e8b465ee728b)
Start importing Assets/3D Models/Brick Project Studio/Apartment Kit/Common/Materials/Surface/Red Wine.mat using Guid(4395ee91f3c8a8245ac3acea11839b80) Importer(815301076,1909f56bfc062723c751e8b465ee728b)  -> (artifact id: 'baf2fc228837536d42faba098ce2a7b7') in 1.434127 seconds
Number of updated asset objects reloaded before import = 0
Number of asset objects unloaded after import = 2
========================================================================
Received Import Request.
  Time since last request: 6.326932 seconds.
  path: Assets/Simple Modular Dungeon/Components/Materials/Wall 001/Secondary Stone.mat
  artifactKey: Guid(75b8c4d438a822647acd541373d1757b) Importer(815301076,1909f56bfc062723c751e8b465ee728b)
Start importing Assets/Simple Modular Dungeon/Components/Materials/Wall 001/Secondary Stone.mat using Guid(75b8c4d438a822647acd541373d1757b) Importer(815301076,1909f56bfc062723c751e8b465ee728b)  -> (artifact id: '29313e48cb9a790b596a98c3112cba81') in 0.037688 seconds
Number of updated asset objects reloaded before import = 0
Number of asset objects unloaded after import = 6
========================================================================
Received Import Request.
  Time since last request: 0.000044 seconds.
  path: Assets/Simple Modular Dungeon/Components/Materials/Doorway 001/Secondary Stone.mat
  artifactKey: Guid(0a29b9597c7b8c14cb3278e7d211050d) Importer(815301076,1909f56bfc062723c751e8b465ee728b)
Start importing Assets/Simple Modular Dungeon/Components/Materials/Doorway 001/Secondary Stone.mat using Guid(0a29b9597c7b8c14cb3278e7d211050d) Importer(815301076,1909f56bfc062723c751e8b465ee728b)  -> (artifact id: 'cfeb8cc14bcd91920475f759813b6542') in 0.111040 seconds
Number of updated asset objects reloaded before import = 0
Number of asset objects unloaded after import = 7
========================================================================
Received Import Request.
  Time since last request: 0.028365 seconds.
  path: Assets/Simple Modular Dungeon/Components/Materials/Doorway 006/Secondary Stone.mat
  artifactKey: Guid(69d59afc6f61d3c41ac10837df7be3c7) Importer(815301076,1909f56bfc062723c751e8b465ee728b)
Start importing Assets/Simple Modular Dungeon/Components/Materials/Doorway 006/Secondary Stone.mat using Guid(69d59afc6f61d3c41ac10837df7be3c7) Importer(815301076,1909f56bfc062723c751e8b465ee728b)  -> (artifact id: 'e316f72847eef4b750ad1f855b6dd871') in 0.102653 seconds
Number of updated asset objects reloaded before import = 0
Number of asset objects unloaded after import = 7
========================================================================
Received Import Request.
  Time since last request: 0.097092 seconds.
  path: Assets/Simple Modular Dungeon/Components/Materials/Doorway 003/Secondary Stone.mat
  artifactKey: Guid(63b256e5cc90cbf45a51fa5d72cca35a) Importer(815301076,1909f56bfc062723c751e8b465ee728b)
Start importing Assets/Simple Modular Dungeon/Components/Materials/Doorway 003/Secondary Stone.mat using Guid(63b256e5cc90cbf45a51fa5d72cca35a) Importer(815301076,1909f56bfc062723c751e8b465ee728b)  -> (artifact id: 'aa37890a2e53de7bf43ac0d694e0007a') in 0.059556 seconds
Number of updated asset objects reloaded before import = 0
Number of asset objects unloaded after import = 7
========================================================================
Received Import Request.
  Time since last request: 0.001391 seconds.
  path: Assets/Simple Modular Dungeon/Components/Materials/Doorway 005/Secondary Stone.mat
  artifactKey: Guid(f2562517bbef64a48bc86752b82c90a0) Importer(815301076,1909f56bfc062723c751e8b465ee728b)
Start importing Assets/Simple Modular Dungeon/Components/Materials/Doorway 005/Secondary Stone.mat using Guid(f2562517bbef64a48bc86752b82c90a0) Importer(815301076,1909f56bfc062723c751e8b465ee728b)  -> (artifact id: '1cac3d0431f8a82134c55d58ce5b7a16') in 0.065888 seconds
Number of updated asset objects reloaded before import = 0
Number of asset objects unloaded after import = 7
========================================================================
Received Import Request.
  Time since last request: 7.181014 seconds.
  path: Assets/3D Models/Brick Project Studio/Apartment Kit/Common/Materials/Surface/Shiny Metal_01.mat
  artifactKey: Guid(cf467f7163d9eb14ca56735e8000eccb) Importer(815301076,1909f56bfc062723c751e8b465ee728b)
Start importing Assets/3D Models/Brick Project Studio/Apartment Kit/Common/Materials/Surface/Shiny Metal_01.mat using Guid(cf467f7163d9eb14ca56735e8000eccb) Importer(815301076,1909f56bfc062723c751e8b465ee728b)  -> (artifact id: 'e7152bbd553dda624e5d10a6f7d66c3f') in 0.031594 seconds
Number of updated asset objects reloaded before import = 0
Number of asset objects unloaded after import = 2
========================================================================
Received Import Request.
  Time since last request: 0.082535 seconds.
  path: Assets/3D Models/Brick Project Studio/Apartment Kit/Common/Materials/Surface/Shiny Metal_03.mat
  artifactKey: Guid(ff2bb81a45899464db5313ff275f8a31) Importer(815301076,1909f56bfc062723c751e8b465ee728b)
Start importing Assets/3D Models/Brick Project Studio/Apartment Kit/Common/Materials/Surface/Shiny Metal_03.mat using Guid(ff2bb81a45899464db5313ff275f8a31) Importer(815301076,1909f56bfc062723c751e8b465ee728b)  -> (artifact id: '4c9a10be53fc4c9e9761e0c8fde60a19') in 0.035853 seconds
Number of updated asset objects reloaded before import = 0
Number of asset objects unloaded after import = 2
========================================================================
Received Import Request.
  Time since last request: 0.529490 seconds.
  path: Assets/#NVJOB Slender/Slender/Materials/Shoes.mat
  artifactKey: Guid(482da43e4b4c49659f5071cb8673471d) Importer(815301076,1909f56bfc062723c751e8b465ee728b)
Start importing Assets/#NVJOB Slender/Slender/Materials/Shoes.mat using Guid(482da43e4b4c49659f5071cb8673471d) Importer(815301076,1909f56bfc062723c751e8b465ee728b)  -> (artifact id: 'ded48785e6673b28900490b491a9167c') in 0.039642 seconds
Number of updated asset objects reloaded before import = 0
Number of asset objects unloaded after import = 4
========================================================================
Received Import Request.
  Time since last request: 4.533178 seconds.
  path: Assets/Simple Modular Dungeon/Components/Materials/Chest 001/Silver.mat
  artifactKey: Guid(155c2207c9e2c0149b10997e496b1e7f) Importer(815301076,1909f56bfc062723c751e8b465ee728b)
Start importing Assets/Simple Modular Dungeon/Components/Materials/Chest 001/Silver.mat using Guid(155c2207c9e2c0149b10997e496b1e7f) Importer(815301076,1909f56bfc062723c751e8b465ee728b)  -> (artifact id: 'e0b8a7847e0a7474c5f404b1f9a9808b') in 0.068942 seconds
Number of updated asset objects reloaded before import = 0
Number of asset objects unloaded after import = 7
========================================================================
Received Import Request.
  Time since last request: 6.689363 seconds.
  path: Assets/3D Models/JP Environmental Asset Pack/Materials/Small Rock 1/Small Rock 1.mat
  artifactKey: Guid(24a6fdb2038ae104b86c29cbf9e524b4) Importer(815301076,1909f56bfc062723c751e8b465ee728b)
Start importing Assets/3D Models/JP Environmental Asset Pack/Materials/Small Rock 1/Small Rock 1.mat using Guid(24a6fdb2038ae104b86c29cbf9e524b4) Importer(815301076,1909f56bfc062723c751e8b465ee728b)  -> (artifact id: 'fc1c66c3eee6dc0f83cb91fd67b1299e') in 0.126963 seconds
Number of updated asset objects reloaded before import = 0
Number of asset objects unloaded after import = 5
========================================================================
Received Import Request.
  Time since last request: 4.105568 seconds.
  path: Assets/3D Models/JP Environmental Asset Pack/Materials/Small Rock 3/Small Rock 3.mat
  artifactKey: Guid(376ea5618bbbf2c4d93a2b50a770d9ba) Importer(815301076,1909f56bfc062723c751e8b465ee728b)
Start importing Assets/3D Models/JP Environmental Asset Pack/Materials/Small Rock 3/Small Rock 3.mat using Guid(376ea5618bbbf2c4d93a2b50a770d9ba) Importer(815301076,1909f56bfc062723c751e8b465ee728b)  -> (artifact id: '30de8e24b3f36159755ab7f38b1c73f6') in 0.147143 seconds
Number of updated asset objects reloaded before import = 0
Number of asset objects unloaded after import = 5
========================================================================
Received Import Request.
  Time since last request: 0.983547 seconds.
  path: Assets/Low Poly Guns/Models/Guns/smg2/smg2.mat
  artifactKey: Guid(d05b83a5733b4ba469d3c1a5891d6f88) Importer(815301076,1909f56bfc062723c751e8b465ee728b)
Start importing Assets/Low Poly Guns/Models/Guns/smg2/smg2.mat using Guid(d05b83a5733b4ba469d3c1a5891d6f88) Importer(815301076,1909f56bfc062723c751e8b465ee728b)  -> (artifact id: 'aa669b1a8dbdbbb0df182701502bec51') in 0.066755 seconds
Number of updated asset objects reloaded before import = 0
Number of asset objects unloaded after import = 4
========================================================================
Received Import Request.
  Time since last request: 0.448079 seconds.
  path: Assets/Low Poly Guns/Models/Guns/sniper2/sniper2.mat
  artifactKey: Guid(533eaf1384eb72d41bbf8a25b870c0f7) Importer(815301076,1909f56bfc062723c751e8b465ee728b)
Start importing Assets/Low Poly Guns/Models/Guns/sniper2/sniper2.mat using Guid(533eaf1384eb72d41bbf8a25b870c0f7) Importer(815301076,1909f56bfc062723c751e8b465ee728b)  -> (artifact id: 'c3e204eb5436f367f33a93bd4b0a4be1') in 0.063597 seconds
Number of updated asset objects reloaded before import = 0
Number of asset objects unloaded after import = 4
========================================================================
Received Import Request.
  Time since last request: 2.353800 seconds.
  path: Assets/Simple Modular Dungeon/Components/Materials/Pillar 001/Stone.mat
  artifactKey: Guid(4517651d7ac451742a43dbba551b3b28) Importer(815301076,1909f56bfc062723c751e8b465ee728b)
Start importing Assets/Simple Modular Dungeon/Components/Materials/Pillar 001/Stone.mat using Guid(4517651d7ac451742a43dbba551b3b28) Importer(815301076,1909f56bfc062723c751e8b465ee728b)  -> (artifact id: '64a16a5987e7e05f0599f00e00186ef4') in 0.089015 seconds
Number of updated asset objects reloaded before import = 0
Number of asset objects unloaded after import = 7
========================================================================
Received Import Request.
  Time since last request: 0.000043 seconds.
  path: Assets/Simple Modular Dungeon/Components/Materials/Floor Variation 001/Stone.mat
  artifactKey: Guid(e848c8dbd0d81da408d0f1c77afc0d92) Importer(815301076,1909f56bfc062723c751e8b465ee728b)
Start importing Assets/Simple Modular Dungeon/Components/Materials/Floor Variation 001/Stone.mat using Guid(e848c8dbd0d81da408d0f1c77afc0d92) Importer(815301076,1909f56bfc062723c751e8b465ee728b)  -> (artifact id: '95c3af1b6cb0454d4d57900c650179c2') in 0.056532 seconds
Number of updated asset objects reloaded before import = 0
Number of asset objects unloaded after import = 7
========================================================================
Received Import Request.
  Time since last request: 0.000107 seconds.
  path: Assets/Simple Modular Dungeon/Components/Materials/Floor Plain 001/Stone.mat
  artifactKey: Guid(655fd1e4050f88f4aa4b4527b378af1c) Importer(815301076,1909f56bfc062723c751e8b465ee728b)
Start importing Assets/Simple Modular Dungeon/Components/Materials/Floor Plain 001/Stone.mat using Guid(655fd1e4050f88f4aa4b4527b378af1c) Importer(815301076,1909f56bfc062723c751e8b465ee728b)  -> (artifact id: 'becddaba4d5825a4cf0861f001ac26e4') in 0.064945 seconds
Number of updated asset objects reloaded before import = 0
Number of asset objects unloaded after import = 7
========================================================================
Received Import Request.
  Time since last request: 10.665678 seconds.
  path: Assets/Simple Modular Dungeon/Components/Materials/Stone Fire Chalice 001/Stone.mat
  artifactKey: Guid(2773a69350801b34fa07b03d4e82cbec) Importer(815301076,1909f56bfc062723c751e8b465ee728b)
Start importing Assets/Simple Modular Dungeon/Components/Materials/Stone Fire Chalice 001/Stone.mat using Guid(2773a69350801b34fa07b03d4e82cbec) Importer(815301076,1909f56bfc062723c751e8b465ee728b)  -> (artifact id: '22b2499e74665fd2146406eaf26752a6') in 0.040549 seconds
Number of updated asset objects reloaded before import = 0
Number of asset objects unloaded after import = 6
========================================================================
Received Import Request.
  Time since last request: 0.108504 seconds.
  path: Assets/Simple Modular Dungeon/Components/Materials/Podium 003/Stone.mat
  artifactKey: Guid(fb78586fc9f1b0b4bae83c812cc84131) Importer(815301076,1909f56bfc062723c751e8b465ee728b)
Start importing Assets/Simple Modular Dungeon/Components/Materials/Podium 003/Stone.mat using Guid(fb78586fc9f1b0b4bae83c812cc84131) Importer(815301076,1909f56bfc062723c751e8b465ee728b)  -> (artifact id: '056dbe7d409ccf01f0e3b37fe7be1e17') in 0.041227 seconds
Number of updated asset objects reloaded before import = 0
Number of asset objects unloaded after import = 7
========================================================================
Received Import Request.
  Time since last request: 0.000037 seconds.
  path: Assets/Simple Modular Dungeon/Components/Materials/Podium 002/Stone.mat
  artifactKey: Guid(14aabae1d530eb74eb66ddc06b31f1e6) Importer(815301076,1909f56bfc062723c751e8b465ee728b)
Start importing Assets/Simple Modular Dungeon/Components/Materials/Podium 002/Stone.mat using Guid(14aabae1d530eb74eb66ddc06b31f1e6) Importer(815301076,1909f56bfc062723c751e8b465ee728b)  -> (artifact id: 'df13ebfa1a8bf27d134ccdcbeeb89acd') in 0.095391 seconds
Number of updated asset objects reloaded before import = 0
Number of asset objects unloaded after import = 7
========================================================================
Received Import Request.
  Time since last request: 0.282892 seconds.
  path: Assets/Simple Modular Dungeon/Components/Materials/Pillar 003/Stone.mat
  artifactKey: Guid(23c9a7771fd79b44a8581b248995874e) Importer(815301076,1909f56bfc062723c751e8b465ee728b)
Start importing Assets/Simple Modular Dungeon/Components/Materials/Pillar 003/Stone.mat using Guid(23c9a7771fd79b44a8581b248995874e) Importer(815301076,1909f56bfc062723c751e8b465ee728b)  -> (artifact id: 'e14a394857f54cb780804e12d3bc98b8') in 0.040015 seconds
Number of updated asset objects reloaded before import = 0
Number of asset objects unloaded after import = 7
========================================================================
Received Import Request.
  Time since last request: 0.000055 seconds.
  path: Assets/Simple Modular Dungeon/Components/Materials/Floor Variation 003/Stone.mat
  artifactKey: Guid(14587b09d206dfb48a24852c2de9f025) Importer(815301076,1909f56bfc062723c751e8b465ee728b)
Start importing Assets/Simple Modular Dungeon/Components/Materials/Floor Variation 003/Stone.mat using Guid(14587b09d206dfb48a24852c2de9f025) Importer(815301076,1909f56bfc062723c751e8b465ee728b)  -> (artifact id: '9708af8eaa1d7d068601098038b997ef') in 0.045994 seconds
Number of updated asset objects reloaded before import = 0
Number of asset objects unloaded after import = 7
========================================================================
Received Import Request.
  Time since last request: 0.350905 seconds.
  path: Assets/Simple Modular Dungeon/Components/Materials/Doorway Gated 003/Stone.mat
  artifactKey: Guid(27bf8efe28a8b194d881702a870be27c) Importer(815301076,1909f56bfc062723c751e8b465ee728b)
Start importing Assets/Simple Modular Dungeon/Components/Materials/Doorway Gated 003/Stone.mat using Guid(27bf8efe28a8b194d881702a870be27c) Importer(815301076,1909f56bfc062723c751e8b465ee728b)  -> (artifact id: 'd321f64dfad385c596805e607341a8f4') in 0.038372 seconds
Number of updated asset objects reloaded before import = 0
Number of asset objects unloaded after import = 7
========================================================================
Received Import Request.
  Time since last request: 0.000107 seconds.
  path: Assets/Simple Modular Dungeon/Components/Materials/Doorway Gated 001/Stone.mat
  artifactKey: Guid(4d1b38bb9ff22d441bfe306ea77989dd) Importer(815301076,1909f56bfc062723c751e8b465ee728b)
Start importing Assets/Simple Modular Dungeon/Components/Materials/Doorway Gated 001/Stone.mat using Guid(4d1b38bb9ff22d441bfe306ea77989dd) Importer(815301076,1909f56bfc062723c751e8b465ee728b)  -> (artifact id: '88a7168c8c6aaf749c50dcc2bc708fb2') in 0.045853 seconds
Number of updated asset objects reloaded before import = 0
Number of asset objects unloaded after import = 7
========================================================================
Received Import Request.
  Time since last request: 0.343488 seconds.
  path: Assets/Simple Modular Dungeon/Components/Materials/Wall 007/Stone.mat
  artifactKey: Guid(fd21975a90183844db03eeae38db1cc6) Importer(815301076,1909f56bfc062723c751e8b465ee728b)
Start importing Assets/Simple Modular Dungeon/Components/Materials/Wall 007/Stone.mat using Guid(fd21975a90183844db03eeae38db1cc6) Importer(815301076,1909f56bfc062723c751e8b465ee728b)  -> (artifact id: 'dc9c0e6f55418b98f9c30f18aee2e4b0') in 0.031211 seconds
Number of updated asset objects reloaded before import = 0
Number of asset objects unloaded after import = 6
========================================================================
Received Import Request.
  Time since last request: 0.058212 seconds.
  path: Assets/Simple Modular Dungeon/Components/Materials/Wall 005/Stone.mat
  artifactKey: Guid(66e08f7249ca2bb4d86448d47af160ee) Importer(815301076,1909f56bfc062723c751e8b465ee728b)
Start importing Assets/Simple Modular Dungeon/Components/Materials/Wall 005/Stone.mat using Guid(66e08f7249ca2bb4d86448d47af160ee) Importer(815301076,1909f56bfc062723c751e8b465ee728b)  -> (artifact id: '52c31752c6ea266e265026e0f442868b') in 0.033290 seconds
Number of updated asset objects reloaded before import = 0
Number of asset objects unloaded after import = 6
========================================================================
Received Import Request.
  Time since last request: 0.277837 seconds.
  path: Assets/Simple Modular Dungeon/Components/Materials/Wall 004/Stone.mat
  artifactKey: Guid(4ed124cb1b8b430488f12fd5cbfb2b23) Importer(815301076,1909f56bfc062723c751e8b465ee728b)
Start importing Assets/Simple Modular Dungeon/Components/Materials/Wall 004/Stone.mat using Guid(4ed124cb1b8b430488f12fd5cbfb2b23) Importer(815301076,1909f56bfc062723c751e8b465ee728b)  -> (artifact id: '2d1db5544c9664af7cf9b9551defc97c') in 0.034789 seconds
Number of updated asset objects reloaded before import = 0
Number of asset objects unloaded after import = 6
========================================================================
Received Import Request.
  Time since last request: 0.069731 seconds.
  path: Assets/Simple Modular Dungeon/Components/Materials/Wall 003/Stone.mat
  artifactKey: Guid(424f108c2e1ef074aa68c7bce8440d8e) Importer(815301076,1909f56bfc062723c751e8b465ee728b)
Start importing Assets/Simple Modular Dungeon/Components/Materials/Wall 003/Stone.mat using Guid(424f108c2e1ef074aa68c7bce8440d8e) Importer(815301076,1909f56bfc062723c751e8b465ee728b)  -> (artifact id: '1f72fbd437a5072f6a9fc739b24f9db6') in 0.034423 seconds
Number of updated asset objects reloaded before import = 0
Number of asset objects unloaded after import = 6
========================================================================
Received Import Request.
  Time since last request: 0.419443 seconds.
  path: Assets/Simple Modular Dungeon/Components/Materials/Doorway 002/Stone.mat
  artifactKey: Guid(7d84d93414fc83043b595c2f56a93335) Importer(815301076,1909f56bfc062723c751e8b465ee728b)
Start importing Assets/Simple Modular Dungeon/Components/Materials/Doorway 002/Stone.mat using Guid(7d84d93414fc83043b595c2f56a93335) Importer(815301076,1909f56bfc062723c751e8b465ee728b)  -> (artifact id: '1bbe773423bb547b3e9324f0229dc99b') in 0.043577 seconds
Number of updated asset objects reloaded before import = 0
Number of asset objects unloaded after import = 7
========================================================================
Received Import Request.
  Time since last request: 0.004587 seconds.
  path: Assets/Simple Modular Dungeon/Components/Materials/Doorway 003/Stone.mat
  artifactKey: Guid(2226b6bcf1f9bf648ab60b5d37dc56d4) Importer(815301076,1909f56bfc062723c751e8b465ee728b)
Start importing Assets/Simple Modular Dungeon/Components/Materials/Doorway 003/Stone.mat using Guid(2226b6bcf1f9bf648ab60b5d37dc56d4) Importer(815301076,1909f56bfc062723c751e8b465ee728b)  -> (artifact id: '1fccfb266cc3bd3b7472f5ad52cc3cef') in 0.046993 seconds
Number of updated asset objects reloaded before import = 0
Number of asset objects unloaded after import = 7
========================================================================
Received Import Request.
  Time since last request: 0.089155 seconds.
  path: Assets/Simple Modular Dungeon/Components/Materials/Doorway 006/Stone.mat
  artifactKey: Guid(1d93547ce921590418abd1f336ef3726) Importer(815301076,1909f56bfc062723c751e8b465ee728b)
Start importing Assets/Simple Modular Dungeon/Components/Materials/Doorway 006/Stone.mat using Guid(1d93547ce921590418abd1f336ef3726) Importer(815301076,1909f56bfc062723c751e8b465ee728b)  -> (artifact id: 'a6486dd88b003359eccea9885ad4b2dc') in 0.105779 seconds
Number of updated asset objects reloaded before import = 0
Number of asset objects unloaded after import = 7
========================================================================
Received Import Request.
  Time since last request: 0.682157 seconds.
  path: Assets/Simple Modular Dungeon/Components/Materials/Pillar 002/Stone.mat
  artifactKey: Guid(6f3ff3c9e11aad44cb05912696dc19a0) Importer(815301076,1909f56bfc062723c751e8b465ee728b)
Start importing Assets/Simple Modular Dungeon/Components/Materials/Pillar 002/Stone.mat using Guid(6f3ff3c9e11aad44cb05912696dc19a0) Importer(815301076,1909f56bfc062723c751e8b465ee728b)  -> (artifact id: '147f6a512311b060356ce9ec56ea3692') in 0.091887 seconds
Number of updated asset objects reloaded before import = 0
Number of asset objects unloaded after import = 7
========================================================================
Received Import Request.
  Time since last request: 3.912458 seconds.
  path: Assets/3D Models/Free Furniture Set/Source/Materials/T_CoffeeTableWoodBrown.mat
  artifactKey: Guid(0d9f9b67cd44fce4e94810165bf7e6a6) Importer(815301076,1909f56bfc062723c751e8b465ee728b)
Start importing Assets/3D Models/Free Furniture Set/Source/Materials/T_CoffeeTableWoodBrown.mat using Guid(0d9f9b67cd44fce4e94810165bf7e6a6) Importer(815301076,1909f56bfc062723c751e8b465ee728b)  -> (artifact id: '858103fc484b9c1bafb88ee414489d94') in 0.078264 seconds
Number of updated asset objects reloaded before import = 0
Number of asset objects unloaded after import = 5
========================================================================
Received Import Request.
  Time since last request: 0.293071 seconds.
  path: Assets/3D Models/Brick Project Studio/Apartment Kit/Common/Materials/Misc/Toothbrush_01.mat
  artifactKey: Guid(ff18b0d4ff41ef34faf22d93e7d8b8ed) Importer(815301076,1909f56bfc062723c751e8b465ee728b)
Start importing Assets/3D Models/Brick Project Studio/Apartment Kit/Common/Materials/Misc/Toothbrush_01.mat using Guid(ff18b0d4ff41ef34faf22d93e7d8b8ed) Importer(815301076,1909f56bfc062723c751e8b465ee728b)  -> (artifact id: '1d272836c4f11b7643337c4d4aa22f8c') in 0.039249 seconds
Number of updated asset objects reloaded before import = 0
Number of asset objects unloaded after import = 3
========================================================================
Received Import Request.
  Time since last request: 0.000088 seconds.
  path: Assets/3D Models/JP Environmental Asset Pack/Materials/Tree 1/Tree 1 Branches.mat
  artifactKey: Guid(478e546c94611a74099c0fa6e5202431) Importer(815301076,1909f56bfc062723c751e8b465ee728b)
Start importing Assets/3D Models/JP Environmental Asset Pack/Materials/Tree 1/Tree 1 Branches.mat using Guid(478e546c94611a74099c0fa6e5202431) Importer(815301076,1909f56bfc062723c751e8b465ee728b)  -> (artifact id: '30f252d163aff4f48a468ff54f985a72') in 0.100126 seconds
Number of updated asset objects reloaded before import = 0
Number of asset objects unloaded after import = 5
========================================================================
Received Import Request.
  Time since last request: 0.554776 seconds.
  path: Assets/3D Models/JP Environmental Asset Pack/Textures/Tree 1/Materials/Tree 1 Branchs.mat
  artifactKey: Guid(050617f3235b0d94498fc5e048e662d1) Importer(815301076,1909f56bfc062723c751e8b465ee728b)
Start importing Assets/3D Models/JP Environmental Asset Pack/Textures/Tree 1/Materials/Tree 1 Branchs.mat using Guid(050617f3235b0d94498fc5e048e662d1) Importer(815301076,1909f56bfc062723c751e8b465ee728b)  -> (artifact id: '83446528b2aef2e9023051ef5fe85850') in 0.063715 seconds
Number of updated asset objects reloaded before import = 0
Number of asset objects unloaded after import = 4
========================================================================
Received Import Request.
  Time since last request: 0.000051 seconds.
  path: Assets/3D Models/JP Environmental Asset Pack/Materials/Tree 2/Tree 2 Branches.mat
  artifactKey: Guid(2341656973cb2df48b26cd31949f58ad) Importer(815301076,1909f56bfc062723c751e8b465ee728b)
Start importing Assets/3D Models/JP Environmental Asset Pack/Materials/Tree 2/Tree 2 Branches.mat using Guid(2341656973cb2df48b26cd31949f58ad) Importer(815301076,1909f56bfc062723c751e8b465ee728b)  -> (artifact id: 'dd65acc76525df52b6e479cdfc0e60d4') in 0.071613 seconds
Number of updated asset objects reloaded before import = 0
Number of asset objects unloaded after import = 5
========================================================================
Received Import Request.
  Time since last request: 0.000042 seconds.
  path: Assets/3D Models/JP Environmental Asset Pack/Materials/Tree 1/Tree 1 Mat.mat
  artifactKey: Guid(cb1223280cfac854184017065d85e17e) Importer(815301076,1909f56bfc062723c751e8b465ee728b)
Start importing Assets/3D Models/JP Environmental Asset Pack/Materials/Tree 1/Tree 1 Mat.mat using Guid(cb1223280cfac854184017065d85e17e) Importer(815301076,1909f56bfc062723c751e8b465ee728b)  -> (artifact id: '0c6e9e95cdfef41ac4ce48dc3a89ce12') in 0.080814 seconds
Number of updated asset objects reloaded before import = 0
Number of asset objects unloaded after import = 5
========================================================================
Received Import Request.
  Time since last request: 3.929576 seconds.
  path: Assets/3D Models/JP Environmental Asset Pack/Materials/Tree 3/Tree 3 Branches.mat
  artifactKey: Guid(ce001724e9d21084084ee3c8f12c0a5c) Importer(815301076,1909f56bfc062723c751e8b465ee728b)
Start importing Assets/3D Models/JP Environmental Asset Pack/Materials/Tree 3/Tree 3 Branches.mat using Guid(ce001724e9d21084084ee3c8f12c0a5c) Importer(815301076,1909f56bfc062723c751e8b465ee728b)  -> (artifact id: 'a5b8bbce0fb13ea86434e75d574a3f91') in 0.062102 seconds
Number of updated asset objects reloaded before import = 0
Number of asset objects unloaded after import = 4
========================================================================
Received Import Request.
  Time since last request: 0.825791 seconds.
  path: Assets/3D Models/TV 21/TV/TVLOD0.mat
  artifactKey: Guid(3274903fe75e1af43aebe998935bb602) Importer(815301076,1909f56bfc062723c751e8b465ee728b)
Start importing Assets/3D Models/TV 21/TV/TVLOD0.mat using Guid(3274903fe75e1af43aebe998935bb602) Importer(815301076,1909f56bfc062723c751e8b465ee728b)  -> (artifact id: 'a16a018344989aa776c1bc2461e14653') in 0.146873 seconds
Number of updated asset objects reloaded before import = 0
Number of asset objects unloaded after import = 7
========================================================================
Received Import Request.
  Time since last request: 0.000057 seconds.
  path: Assets/3D Models/TV 21/TV/TVLOD1.mat
  artifactKey: Guid(4acda8f91cb7c8248ab1e398e94f8ccd) Importer(815301076,1909f56bfc062723c751e8b465ee728b)
Start importing Assets/3D Models/TV 21/TV/TVLOD1.mat using Guid(4acda8f91cb7c8248ab1e398e94f8ccd) Importer(815301076,1909f56bfc062723c751e8b465ee728b)  -> (artifact id: '26298f5c835081bafecb603236a588bd') in 0.156226 seconds
Number of updated asset objects reloaded before import = 0
Number of asset objects unloaded after import = 7
========================================================================
Received Import Request.
  Time since last request: 0.089979 seconds.
  path: Assets/RPG_FPS_game_assets_industrial/Textures/Concrete_wall/UNIConcrete_walls/UNIConcrete_wall_v1/UNIConcrete_wall_v1.mat
  artifactKey: Guid(4b2c2bed67203ed45aa381875cc556bb) Importer(815301076,1909f56bfc062723c751e8b465ee728b)
Start importing Assets/RPG_FPS_game_assets_industrial/Textures/Concrete_wall/UNIConcrete_walls/UNIConcrete_wall_v1/UNIConcrete_wall_v1.mat using Guid(4b2c2bed67203ed45aa381875cc556bb) Importer(815301076,1909f56bfc062723c751e8b465ee728b)  -> (artifact id: 'd5efaf8d86315fcb4558c67cf928062f') in 0.034180 seconds
Number of updated asset objects reloaded before import = 0
Number of asset objects unloaded after import = 3
========================================================================
Received Import Request.
  Time since last request: 0.000042 seconds.
  path: Assets/RPG_FPS_game_assets_industrial/Textures/Concrete_wall/UNIConcrete_walls/UNIConcrete_wall_v2/UNIConcrete_wall_v2.mat
  artifactKey: Guid(57853bd09e6482d4f8e7fbd0f0364014) Importer(815301076,1909f56bfc062723c751e8b465ee728b)
Start importing Assets/RPG_FPS_game_assets_industrial/Textures/Concrete_wall/UNIConcrete_walls/UNIConcrete_wall_v2/UNIConcrete_wall_v2.mat using Guid(57853bd09e6482d4f8e7fbd0f0364014) Importer(815301076,1909f56bfc062723c751e8b465ee728b)  -> (artifact id: 'd84351954a0bb19fa65cf978c2dd314d') in 0.044526 seconds
Number of updated asset objects reloaded before import = 0
Number of asset objects unloaded after import = 3
========================================================================
Received Import Request.
  Time since last request: 0.349274 seconds.
  path: Assets/3D Models/Brick Project Studio/Apartment Kit/Common/Materials/Misc/WallArt_Apt_01.mat
  artifactKey: Guid(2078401f2a19e7e4aa88ce0df5064d71) Importer(815301076,1909f56bfc062723c751e8b465ee728b)
Start importing Assets/3D Models/Brick Project Studio/Apartment Kit/Common/Materials/Misc/WallArt_Apt_01.mat using Guid(2078401f2a19e7e4aa88ce0df5064d71) Importer(815301076,1909f56bfc062723c751e8b465ee728b)  -> (artifact id: '84c833b043b17da85b134fdd8cecd672') in 0.041669 seconds
Number of updated asset objects reloaded before import = 0
Number of asset objects unloaded after import = 3
========================================================================
Received Import Request.
  Time since last request: 0.051374 seconds.
  path: Assets/3D Models/Brick Project Studio/Apartment Kit/Common/Materials/Misc/WallArt_Apt_03.mat
  artifactKey: Guid(a79b9dfdb7c8f754f8d5fd1924ac5fdf) Importer(815301076,1909f56bfc062723c751e8b465ee728b)
Start importing Assets/3D Models/Brick Project Studio/Apartment Kit/Common/Materials/Misc/WallArt_Apt_03.mat using Guid(a79b9dfdb7c8f754f8d5fd1924ac5fdf) Importer(815301076,1909f56bfc062723c751e8b465ee728b)  -> (artifact id: 'd42059e4413d82f4cfa9bff2d2e405a2') in 0.049925 seconds
Number of updated asset objects reloaded before import = 0
Number of asset objects unloaded after import = 3
========================================================================
Received Import Request.
  Time since last request: 4.117459 seconds.
  path: Assets/Simple Modular Dungeon/Components/Materials/Water Grate 001/Water.mat
  artifactKey: Guid(e26e136da84582c4c9f4136ddd595db8) Importer(815301076,1909f56bfc062723c751e8b465ee728b)
Start importing Assets/Simple Modular Dungeon/Components/Materials/Water Grate 001/Water.mat using Guid(e26e136da84582c4c9f4136ddd595db8) Importer(815301076,1909f56bfc062723c751e8b465ee728b)  -> (artifact id: 'ae2a47a9d9492c8b8edb10d7c5aff9a4') in 0.037445 seconds
Number of updated asset objects reloaded before import = 0
Number of asset objects unloaded after import = 6
========================================================================
Received Import Request.
  Time since last request: 67.234285 seconds.
  path: Assets/3D Models/Brick Project Studio/Apartment Kit/Common/Materials/Surface/WhiteDull.mat
  artifactKey: Guid(ac3fc719b726a894c8420c2dfeb24547) Importer(815301076,1909f56bfc062723c751e8b465ee728b)
Start importing Assets/3D Models/Brick Project Studio/Apartment Kit/Common/Materials/Surface/WhiteDull.mat using Guid(ac3fc719b726a894c8420c2dfeb24547) Importer(815301076,1909f56bfc062723c751e8b465ee728b)  -> (artifact id: '076fe6635ca5c4f12101f3a755f58c87') in 0.026294 seconds
Number of updated asset objects reloaded before import = 0
Number of asset objects unloaded after import = 2
========================================================================
Received Import Request.
  Time since last request: 1.267886 seconds.
  path: Assets/Simple Modular Dungeon/Components/Materials/Candle 001/Wick.mat
  artifactKey: Guid(c09c44b12b38bd5469e814c6052082d8) Importer(815301076,1909f56bfc062723c751e8b465ee728b)
Start importing Assets/Simple Modular Dungeon/Components/Materials/Candle 001/Wick.mat using Guid(c09c44b12b38bd5469e814c6052082d8) Importer(815301076,1909f56bfc062723c751e8b465ee728b)  -> (artifact id: '1ddfe9a8f0d59f66aa9cc84cfe090a49') in 0.034975 seconds
Number of updated asset objects reloaded before import = 0
Number of asset objects unloaded after import = 7
========================================================================
Received Import Request.
  Time since last request: 3.573192 seconds.
  path: Assets/Simple Modular Dungeon/Components/Materials/Crate 001/Wood.mat
  artifactKey: Guid(93fe772ece5e0f24886d6617933489f7) Importer(815301076,1909f56bfc062723c751e8b465ee728b)
Start importing Assets/Simple Modular Dungeon/Components/Materials/Crate 001/Wood.mat using Guid(93fe772ece5e0f24886d6617933489f7) Importer(815301076,1909f56bfc062723c751e8b465ee728b)  -> (artifact id: 'e54af7601dacbc5275b91c5ab7c679ce') in 0.043762 seconds
Number of updated asset objects reloaded before import = 0
Number of asset objects unloaded after import = 7
========================================================================
Received Import Request.
  Time since last request: 0.081091 seconds.
  path: Assets/Simple Modular Dungeon/Components/Materials/Doorway 006/Wood.mat
  artifactKey: Guid(6df54f4110cc209429e34e25979de627) Importer(815301076,1909f56bfc062723c751e8b465ee728b)
Start importing Assets/Simple Modular Dungeon/Components/Materials/Doorway 006/Wood.mat using Guid(6df54f4110cc209429e34e25979de627) Importer(815301076,1909f56bfc062723c751e8b465ee728b)  -> (artifact id: 'cb590e9b1170e9c14583dd8fabdf0858') in 0.082132 seconds
Number of updated asset objects reloaded before import = 0
Number of asset objects unloaded after import = 7
========================================================================
Received Import Request.
  Time since last request: 0.672004 seconds.
  path: Assets/Simple Modular Dungeon/Components/Materials/Torch 001/Wood.mat
  artifactKey: Guid(8cd4a23492b10dd449d017c9d75d0810) Importer(815301076,1909f56bfc062723c751e8b465ee728b)
Start importing Assets/Simple Modular Dungeon/Components/Materials/Torch 001/Wood.mat using Guid(8cd4a23492b10dd449d017c9d75d0810) Importer(815301076,1909f56bfc062723c751e8b465ee728b)  -> (artifact id: '8df39f993f649ecff43fa79a4a6e664f') in 0.035311 seconds
Number of updated asset objects reloaded before import = 0
Number of asset objects unloaded after import = 7
========================================================================
Received Import Request.
  Time since last request: 0.085787 seconds.
  path: Assets/Simple Modular Dungeon/Components/Materials/Chest 001/Wood.mat
  artifactKey: Guid(f1c33078201a4444ba4368930ffc83c2) Importer(815301076,1909f56bfc062723c751e8b465ee728b)
Start importing Assets/Simple Modular Dungeon/Components/Materials/Chest 001/Wood.mat using Guid(f1c33078201a4444ba4368930ffc83c2) Importer(815301076,1909f56bfc062723c751e8b465ee728b)  -> (artifact id: '0ccd3c91375e9279eb4c1399ab64835d') in 0.048055 seconds
Number of updated asset objects reloaded before import = 0
Number of asset objects unloaded after import = 7
========================================================================
Received Import Request.
  Time since last request: 1.125495 seconds.
  path: Assets/RPG_FPS_game_assets_industrial/Boxes/Wooden_box_v1/Source/Wooden_box_v1.mat
  artifactKey: Guid(1a087c65608607042accf116f4319d39) Importer(815301076,1909f56bfc062723c751e8b465ee728b)
Start importing Assets/RPG_FPS_game_assets_industrial/Boxes/Wooden_box_v1/Source/Wooden_box_v1.mat using Guid(1a087c65608607042accf116f4319d39) Importer(815301076,1909f56bfc062723c751e8b465ee728b)  -> (artifact id: '8011ec5a492880114495a00e38427b0c') in 0.048719 seconds
Number of updated asset objects reloaded before import = 0
Number of asset objects unloaded after import = 3
========================================================================
Received Prepare
Begin MonoManager ReloadAssembly
- Loaded All Assemblies, in  2.486 seconds
Refreshing native plugins compatible for Editor in 8.33 ms, found 3 plugins.
Native extension for WindowsStandalone target not found
[Package Manager] Server::EnsureServerProcessIsRunning -- launch failed, reason: Unity was launched with the -noUpm command-line argument
[Package Manager] UpmClient::Send -- Unable to send message (not connected to UPM process).
[Package Manager] Cannot connect to Unity Package Manager local server
[Package Manager] Server::EnsureServerProcessIsRunning -- launch failed, reason: Unity was launched with the -noUpm command-line argument
[Package Manager] UpmClient::Send -- Unable to send message (not connected to UPM process).
[Package Manager] Cannot connect to Unity Package Manager local server
Mono: successfully reloaded assembly
- Finished resetting the current domain, in  7.513 seconds
Domain Reload Profiling: 9998ms
	BeginReloadAssembly (839ms)
		ExecutionOrderSort (0ms)
		DisableScriptedObjects (114ms)
		BackupInstance (0ms)
		ReleaseScriptingObjects (0ms)
		CreateAndSetChildDomain (296ms)
	RebuildCommonClasses (70ms)
	RebuildNativeTypeToScriptingClass (14ms)
	initialDomainReloadingComplete (105ms)
	LoadAllAssembliesAndSetupDomain (1454ms)
		LoadAssemblies (1588ms)
		RebuildTransferFunctionScriptingTraits (0ms)
		AnalyzeDomain (93ms)
			TypeCache.Refresh (44ms)
				TypeCache.ScanAssembly (0ms)
			ScanForSourceGeneratedMonoScriptInfo (1ms)
			ResolveRequiredComponents (46ms)
	FinalizeReload (7515ms)
		ReleaseScriptCaches (0ms)
		RebuildScriptCaches (0ms)
		SetupLoadedEditorAssemblies (1054ms)
			LogAssemblyErrors (0ms)
			InitializePlatformSupportModulesInManaged (25ms)
			SetLoadedEditorAssemblies (20ms)
			RefreshPlugins (0ms)
			BeforeProcessingInitializeOnLoad (144ms)
			ProcessInitializeOnLoadAttributes (716ms)
			ProcessInitializeOnLoadMethodAttributes (138ms)
			AfterProcessingInitializeOnLoad (11ms)
			EditorAssembliesLoaded (1ms)
		ExecutionOrderSort2 (0ms)
		AwakeInstancesAfterBackupRestoration (43ms)
Refreshing native plugins compatible for Editor in 8.26 ms, found 3 plugins.
Preloading 0 native plugins for Editor in 0.00 ms.
Unloading 5854 Unused Serialized files (Serialized files now loaded: 0)
Unloading 47 unused Assets / (376.4 KB). Loaded Objects now: 6660.
Memory consumption went from 253.7 MB to 253.4 MB.
Total: 27.894400 ms (FindLiveObjects: 2.684900 ms CreateObjectMapping: 1.954100 ms MarkObjects: 19.067000 ms  DeleteObjects: 4.183800 ms)

Prepare: number of updated asset objects reloaded= 0
AssetImportParameters requested are different than current active one (requested -> active):
  custom:container-demuxer-ogg: 62fdf1f143b41e24485cea50d1cbac27 -> 
  custom:video-decoder-ogg-theora: a1e56fd34408186e4bbccfd4996cb3dc -> 
  custom:framework-win-MediaFoundation: 216162199b28c13a410421893ffa2e32 -> 
  custom:CustomObjectIndexerAttribute: 62b5816608c3102f162a1797e29626cf -> 
  custom:container-demuxer-webm: 4f35f7cbe854078d1ac9338744f61a02 -> 
  custom:container-muxer-webm: aa71ff27fc2769a1b78a27578f13a17b -> 
  custom:video-decoder-webm-vp8: 9c59270c3fd7afecdb556c50c9e8de78 -> 
  custom:SearchIndexIgnoredProperties: e643bd26f0fe6173181afceb89e7c659 -> 
  custom:AudioImporter_EditorPlatform: d09bf68614088b80899f8185d706f6e7 -> 
  custom:video-encoder-webm-vp8: eb34c28f22e8b96e1ab97ce403110664 -> 
  custom:audio-decoder-ogg-vorbis: bf7c407c2cedff20999df2af8eb42d56 -> 
  custom:audio-encoder-webm-vorbis: bf7c407c2cedff20999df2af8eb42d56 -> 
========================================================================
Received Prepare
Begin MonoManager ReloadAssembly
- Loaded All Assemblies, in  0.889 seconds
Refreshing native plugins compatible for Editor in 7.18 ms, found 3 plugins.
Native extension for WindowsStandalone target not found
[Package Manager] Server::EnsureServerProcessIsRunning -- launch failed, reason: Unity was launched with the -noUpm command-line argument
[Package Manager] UpmClient::Send -- Unable to send message (not connected to UPM process).
[Package Manager] Cannot connect to Unity Package Manager local server
[Package Manager] Server::EnsureServerProcessIsRunning -- launch failed, reason: Unity was launched with the -noUpm command-line argument
[Package Manager] UpmClient::Send -- Unable to send message (not connected to UPM process).
[Package Manager] Cannot connect to Unity Package Manager local server
Mono: successfully reloaded assembly
- Finished resetting the current domain, in  3.059 seconds
Domain Reload Profiling: 3943ms
	BeginReloadAssembly (236ms)
		ExecutionOrderSort (0ms)
		DisableScriptedObjects (6ms)
		BackupInstance (0ms)
		ReleaseScriptingObjects (0ms)
		CreateAndSetChildDomain (61ms)
	RebuildCommonClasses (51ms)
	RebuildNativeTypeToScriptingClass (18ms)
	initialDomainReloadingComplete (86ms)
	LoadAllAssembliesAndSetupDomain (492ms)
		LoadAssemblies (580ms)
		RebuildTransferFunctionScriptingTraits (0ms)
		AnalyzeDomain (28ms)
			TypeCache.Refresh (13ms)
				TypeCache.ScanAssembly (0ms)
			ScanForSourceGeneratedMonoScriptInfo (0ms)
			ResolveRequiredComponents (14ms)
	FinalizeReload (3060ms)
		ReleaseScriptCaches (0ms)
		RebuildScriptCaches (0ms)
		SetupLoadedEditorAssemblies (639ms)
			LogAssemblyErrors (0ms)
			InitializePlatformSupportModulesInManaged (8ms)
			SetLoadedEditorAssemblies (5ms)
			RefreshPlugins (0ms)
			BeforeProcessingInitializeOnLoad (101ms)
			ProcessInitializeOnLoadAttributes (429ms)
			ProcessInitializeOnLoadMethodAttributes (87ms)
			AfterProcessingInitializeOnLoad (9ms)
			EditorAssembliesLoaded (0ms)
		ExecutionOrderSort2 (0ms)
		AwakeInstancesAfterBackupRestoration (27ms)
Refreshing native plugins compatible for Editor in 9.48 ms, found 3 plugins.
Preloading 0 native plugins for Editor in 0.00 ms.
Unloading 5853 Unused Serialized files (Serialized files now loaded: 0)
Unloading 47 unused Assets / (391.7 KB). Loaded Objects now: 6664.
Memory consumption went from 255.4 MB to 255.0 MB.
Total: 5.663300 ms (FindLiveObjects: 0.858000 ms CreateObjectMapping: 0.381400 ms MarkObjects: 4.031700 ms  DeleteObjects: 0.390300 ms)

Prepare: number of updated asset objects reloaded= 0
AssetImportParameters requested are different than current active one (requested -> active):
  custom:container-demuxer-ogg: 62fdf1f143b41e24485cea50d1cbac27 -> 
  custom:video-decoder-ogg-theora: a1e56fd34408186e4bbccfd4996cb3dc -> 
  custom:framework-win-MediaFoundation: 216162199b28c13a410421893ffa2e32 -> 
  custom:CustomObjectIndexerAttribute: 62b5816608c3102f162a1797e29626cf -> 
  custom:container-demuxer-webm: 4f35f7cbe854078d1ac9338744f61a02 -> 
  custom:container-muxer-webm: aa71ff27fc2769a1b78a27578f13a17b -> 
  custom:video-decoder-webm-vp8: 9c59270c3fd7afecdb556c50c9e8de78 -> 
  custom:SearchIndexIgnoredProperties: e643bd26f0fe6173181afceb89e7c659 -> 
  custom:AudioImporter_EditorPlatform: d09bf68614088b80899f8185d706f6e7 -> 
  custom:video-encoder-webm-vp8: eb34c28f22e8b96e1ab97ce403110664 -> 
  custom:audio-decoder-ogg-vorbis: bf7c407c2cedff20999df2af8eb42d56 -> 
  custom:audio-encoder-webm-vorbis: bf7c407c2cedff20999df2af8eb42d56 -> 
========================================================================
Received Prepare
Begin MonoManager ReloadAssembly
- Loaded All Assemblies, in  1.447 seconds
Refreshing native plugins compatible for Editor in 8.95 ms, found 3 plugins.
Native extension for WindowsStandalone target not found
[Package Manager] Server::EnsureServerProcessIsRunning -- launch failed, reason: Unity was launched with the -noUpm command-line argument
[Package Manager] UpmClient::Send -- Unable to send message (not connected to UPM process).
[Package Manager] Cannot connect to Unity Package Manager local server
[Package Manager] Server::EnsureServerProcessIsRunning -- launch failed, reason: Unity was launched with the -noUpm command-line argument
[Package Manager] UpmClient::Send -- Unable to send message (not connected to UPM process).
[Package Manager] Cannot connect to Unity Package Manager local server
Mono: successfully reloaded assembly
- Finished resetting the current domain, in  4.816 seconds
Domain Reload Profiling: 6261ms
	BeginReloadAssembly (331ms)
		ExecutionOrderSort (0ms)
		DisableScriptedObjects (4ms)
		BackupInstance (0ms)
		ReleaseScriptingObjects (0ms)
		CreateAndSetChildDomain (75ms)
	RebuildCommonClasses (53ms)
	RebuildNativeTypeToScriptingClass (15ms)
	initialDomainReloadingComplete (102ms)
	LoadAllAssembliesAndSetupDomain (944ms)
		LoadAssemblies (1085ms)
		RebuildTransferFunctionScriptingTraits (0ms)
		AnalyzeDomain (61ms)
			TypeCache.Refresh (25ms)
				TypeCache.ScanAssembly (0ms)
			ScanForSourceGeneratedMonoScriptInfo (1ms)
			ResolveRequiredComponents (33ms)
	FinalizeReload (4816ms)
		ReleaseScriptCaches (0ms)
		RebuildScriptCaches (0ms)
		SetupLoadedEditorAssemblies (1168ms)
			LogAssemblyErrors (0ms)
			InitializePlatformSupportModulesInManaged (13ms)
			SetLoadedEditorAssemblies (14ms)
			RefreshPlugins (0ms)
			BeforeProcessingInitializeOnLoad (179ms)
			ProcessInitializeOnLoadAttributes (818ms)
			ProcessInitializeOnLoadMethodAttributes (133ms)
			AfterProcessingInitializeOnLoad (10ms)
			EditorAssembliesLoaded (0ms)
		ExecutionOrderSort2 (0ms)
		AwakeInstancesAfterBackupRestoration (46ms)
Refreshing native plugins compatible for Editor in 6.03 ms, found 3 plugins.
Preloading 0 native plugins for Editor in 0.00 ms.
Unloading 5853 Unused Serialized files (Serialized files now loaded: 0)
Unloading 47 unused Assets / (375.6 KB). Loaded Objects now: 6668.
Memory consumption went from 257.3 MB to 256.9 MB.
Total: 10.404200 ms (FindLiveObjects: 2.181400 ms CreateObjectMapping: 0.703500 ms MarkObjects: 6.554300 ms  DeleteObjects: 0.959500 ms)

Prepare: number of updated asset objects reloaded= 0
AssetImportParameters requested are different than current active one (requested -> active):
  custom:container-demuxer-ogg: 62fdf1f143b41e24485cea50d1cbac27 -> 
  custom:video-decoder-ogg-theora: a1e56fd34408186e4bbccfd4996cb3dc -> 
  custom:framework-win-MediaFoundation: 216162199b28c13a410421893ffa2e32 -> 
  custom:CustomObjectIndexerAttribute: 62b5816608c3102f162a1797e29626cf -> 
  custom:container-demuxer-webm: 4f35f7cbe854078d1ac9338744f61a02 -> 
  custom:container-muxer-webm: aa71ff27fc2769a1b78a27578f13a17b -> 
  custom:video-decoder-webm-vp8: 9c59270c3fd7afecdb556c50c9e8de78 -> 
  custom:SearchIndexIgnoredProperties: e643bd26f0fe6173181afceb89e7c659 -> 
  custom:AudioImporter_EditorPlatform: d09bf68614088b80899f8185d706f6e7 -> 
  custom:video-encoder-webm-vp8: eb34c28f22e8b96e1ab97ce403110664 -> 
  custom:audio-decoder-ogg-vorbis: bf7c407c2cedff20999df2af8eb42d56 -> 
  custom:audio-encoder-webm-vorbis: bf7c407c2cedff20999df2af8eb42d56 -> 
========================================================================
Received Prepare
Begin MonoManager ReloadAssembly
- Loaded All Assemblies, in  1.026 seconds
Refreshing native plugins compatible for Editor in 7.46 ms, found 3 plugins.
Native extension for WindowsStandalone target not found
[Package Manager] Server::EnsureServerProcessIsRunning -- launch failed, reason: Unity was launched with the -noUpm command-line argument
[Package Manager] UpmClient::Send -- Unable to send message (not connected to UPM process).
[Package Manager] Cannot connect to Unity Package Manager local server
[Package Manager] Server::EnsureServerProcessIsRunning -- launch failed, reason: Unity was launched with the -noUpm command-line argument
[Package Manager] UpmClient::Send -- Unable to send message (not connected to UPM process).
[Package Manager] Cannot connect to Unity Package Manager local server
Mono: successfully reloaded assembly
- Finished resetting the current domain, in  3.684 seconds
Domain Reload Profiling: 4708ms
	BeginReloadAssembly (237ms)
		ExecutionOrderSort (0ms)
		DisableScriptedObjects (4ms)
		BackupInstance (0ms)
		ReleaseScriptingObjects (0ms)
		CreateAndSetChildDomain (64ms)
	RebuildCommonClasses (43ms)
	RebuildNativeTypeToScriptingClass (14ms)
	initialDomainReloadingComplete (74ms)
	LoadAllAssembliesAndSetupDomain (655ms)
		LoadAssemblies (735ms)
		RebuildTransferFunctionScriptingTraits (0ms)
		AnalyzeDomain (35ms)
			TypeCache.Refresh (14ms)
				TypeCache.ScanAssembly (0ms)
			ScanForSourceGeneratedMonoScriptInfo (0ms)
			ResolveRequiredComponents (19ms)
	FinalizeReload (3685ms)
		ReleaseScriptCaches (0ms)
		RebuildScriptCaches (0ms)
		SetupLoadedEditorAssemblies (936ms)
			LogAssemblyErrors (0ms)
			InitializePlatformSupportModulesInManaged (17ms)
			SetLoadedEditorAssemblies (12ms)
			RefreshPlugins (0ms)
			BeforeProcessingInitializeOnLoad (134ms)
			ProcessInitializeOnLoadAttributes (640ms)
			ProcessInitializeOnLoadMethodAttributes (120ms)
			AfterProcessingInitializeOnLoad (13ms)
			EditorAssembliesLoaded (1ms)
		ExecutionOrderSort2 (0ms)
		AwakeInstancesAfterBackupRestoration (45ms)
Refreshing native plugins compatible for Editor in 7.70 ms, found 3 plugins.
Preloading 0 native plugins for Editor in 0.00 ms.
Unloading 5853 Unused Serialized files (Serialized files now loaded: 0)
Unloading 47 unused Assets / (375.7 KB). Loaded Objects now: 6672.
Memory consumption went from 259.2 MB to 258.8 MB.
Total: 13.655100 ms (FindLiveObjects: 1.156600 ms CreateObjectMapping: 0.666500 ms MarkObjects: 11.292800 ms  DeleteObjects: 0.537000 ms)

Prepare: number of updated asset objects reloaded= 0
AssetImportParameters requested are different than current active one (requested -> active):
  custom:container-demuxer-ogg: 62fdf1f143b41e24485cea50d1cbac27 -> 
  custom:video-decoder-ogg-theora: a1e56fd34408186e4bbccfd4996cb3dc -> 
  custom:framework-win-MediaFoundation: 216162199b28c13a410421893ffa2e32 -> 
  custom:CustomObjectIndexerAttribute: 62b5816608c3102f162a1797e29626cf -> 
  custom:container-demuxer-webm: 4f35f7cbe854078d1ac9338744f61a02 -> 
  custom:container-muxer-webm: aa71ff27fc2769a1b78a27578f13a17b -> 
  custom:video-decoder-webm-vp8: 9c59270c3fd7afecdb556c50c9e8de78 -> 
  custom:SearchIndexIgnoredProperties: e643bd26f0fe6173181afceb89e7c659 -> 
  custom:AudioImporter_EditorPlatform: d09bf68614088b80899f8185d706f6e7 -> 
  custom:video-encoder-webm-vp8: eb34c28f22e8b96e1ab97ce403110664 -> 
  custom:audio-decoder-ogg-vorbis: bf7c407c2cedff20999df2af8eb42d56 -> 
  custom:audio-encoder-webm-vorbis: bf7c407c2cedff20999df2af8eb42d56 -> 
========================================================================
Received Prepare
Begin MonoManager ReloadAssembly
- Loaded All Assemblies, in  1.260 seconds
Refreshing native plugins compatible for Editor in 6.86 ms, found 3 plugins.
Native extension for WindowsStandalone target not found
[Package Manager] Server::EnsureServerProcessIsRunning -- launch failed, reason: Unity was launched with the -noUpm command-line argument
[Package Manager] UpmClient::Send -- Unable to send message (not connected to UPM process).
[Package Manager] Cannot connect to Unity Package Manager local server
[Package Manager] Server::EnsureServerProcessIsRunning -- launch failed, reason: Unity was launched with the -noUpm command-line argument
[Package Manager] UpmClient::Send -- Unable to send message (not connected to UPM process).
[Package Manager] Cannot connect to Unity Package Manager local server
Mono: successfully reloaded assembly
- Finished resetting the current domain, in  4.299 seconds
Domain Reload Profiling: 5554ms
	BeginReloadAssembly (271ms)
		ExecutionOrderSort (0ms)
		DisableScriptedObjects (5ms)
		BackupInstance (0ms)
		ReleaseScriptingObjects (0ms)
		CreateAndSetChildDomain (72ms)
	RebuildCommonClasses (54ms)
	RebuildNativeTypeToScriptingClass (15ms)
	initialDomainReloadingComplete (109ms)
	LoadAllAssembliesAndSetupDomain (804ms)
		LoadAssemblies (925ms)
		RebuildTransferFunctionScriptingTraits (0ms)
		AnalyzeDomain (25ms)
			TypeCache.Refresh (10ms)
				TypeCache.ScanAssembly (0ms)
			ScanForSourceGeneratedMonoScriptInfo (0ms)
			ResolveRequiredComponents (14ms)
	FinalizeReload (4301ms)
		ReleaseScriptCaches (0ms)
		RebuildScriptCaches (0ms)
		SetupLoadedEditorAssemblies (1011ms)
			LogAssemblyErrors (0ms)
			InitializePlatformSupportModulesInManaged (15ms)
			SetLoadedEditorAssemblies (5ms)
			RefreshPlugins (0ms)
			BeforeProcessingInitializeOnLoad (137ms)
			ProcessInitializeOnLoadAttributes (703ms)
			ProcessInitializeOnLoadMethodAttributes (139ms)
			AfterProcessingInitializeOnLoad (12ms)
			EditorAssembliesLoaded (1ms)
		ExecutionOrderSort2 (0ms)
		AwakeInstancesAfterBackupRestoration (42ms)
Refreshing native plugins compatible for Editor in 6.61 ms, found 3 plugins.
Preloading 0 native plugins for Editor in 0.00 ms.
Unloading 5853 Unused Serialized files (Serialized files now loaded: 0)
Unloading 47 unused Assets / (367.1 KB). Loaded Objects now: 6676.
Memory consumption went from 261.1 MB to 260.7 MB.
Total: 6.644000 ms (FindLiveObjects: 1.199300 ms CreateObjectMapping: 0.666400 ms MarkObjects: 4.413800 ms  DeleteObjects: 0.362800 ms)

Prepare: number of updated asset objects reloaded= 0
AssetImportParameters requested are different than current active one (requested -> active):
  custom:container-demuxer-ogg: 62fdf1f143b41e24485cea50d1cbac27 -> 
  custom:video-decoder-ogg-theora: a1e56fd34408186e4bbccfd4996cb3dc -> 
  custom:framework-win-MediaFoundation: 216162199b28c13a410421893ffa2e32 -> 
  custom:CustomObjectIndexerAttribute: 62b5816608c3102f162a1797e29626cf -> 
  custom:container-demuxer-webm: 4f35f7cbe854078d1ac9338744f61a02 -> 
  custom:container-muxer-webm: aa71ff27fc2769a1b78a27578f13a17b -> 
  custom:video-decoder-webm-vp8: 9c59270c3fd7afecdb556c50c9e8de78 -> 
  custom:SearchIndexIgnoredProperties: e643bd26f0fe6173181afceb89e7c659 -> 
  custom:AudioImporter_EditorPlatform: d09bf68614088b80899f8185d706f6e7 -> 
  custom:video-encoder-webm-vp8: eb34c28f22e8b96e1ab97ce403110664 -> 
  custom:audio-decoder-ogg-vorbis: bf7c407c2cedff20999df2af8eb42d56 -> 
  custom:audio-encoder-webm-vorbis: bf7c407c2cedff20999df2af8eb42d56 -> 
